

Microchip Technology PIC18 LITE Macro Assembler V1.43 build -156212558 
                                                                                               Tue Apr  3 17:16:59 2018

Microchip Technology Omniscient Code Generator v1.43 (Free mode) build 201707250354
     1                           	processor	18F2550
     2                           	fnconf	rparam,??,?,0
     3                           	opt	pw 120
     4                           	opt	lm
     5                           	psect	cinit,global,reloc=2,class=CODE,delta=1
     6                           	psect	cstackCOMRAM,global,class=COMRAM,space=1,delta=1,noexec
     7                           	psect	text0,global,reloc=2,class=CODE,delta=1
     8                           	psect	text1,global,reloc=2,class=CODE,delta=1
     9                           	psect	text2,global,reloc=2,class=CODE,delta=1,inline
    10                           	psect	text3,global,reloc=2,class=CODE,delta=1,inline
    11                           	psect	text4,global,reloc=2,class=CODE,delta=1,inline
    12                           	psect	text5,global,reloc=2,class=CODE,delta=1,inline
    13                           	psect	intcodelo,global,reloc=2,class=CODE,delta=1
    14                           	psect	intsave_regs,global,class=BIGRAM,space=1,delta=1,noexec
    15                           	psect	rparam,global,class=COMRAM,space=1,delta=1,noexec
    16                           	psect	temp,global,ovrld,common,class=COMRAM,space=1,delta=1
    17  0000                     
    18                           ; Version 1.43
    19                           ; Generated 25/07/2017 GMT
    20                           ; 
    21                           ; Copyright © 2017, Microchip Technology Inc. and its subsidiaries ("Microchip")
    22                           ; All rights reserved.
    23                           ; 
    24                           ; This software is developed by Microchip Technology Inc. and its subsidiaries ("Microch
      +                          ip").
    25                           ; 
    26                           ; Redistribution and use in source and binary forms, with or without modification, are
    27                           ; permitted provided that the following conditions are met:
    28                           ; 
    29                           ;     1. Redistributions of source code must retain the above copyright notice, this lis
      +                          t of
    30                           ;        conditions and the following disclaimer.
    31                           ; 
    32                           ;     2. Redistributions in binary form must reproduce the above copyright notice, this 
      +                          list
    33                           ;        of conditions and the following disclaimer in the documentation and/or other
    34                           ;        materials provided with the distribution.
    35                           ; 
    36                           ;     3. Microchip's name may not be used to endorse or promote products derived from th
      +                          is
    37                           ;        software without specific prior written permission.
    38                           ; 
    39                           ; THIS SOFTWARE IS PROVIDED BY MICROCHIP "AS IS" AND ANY EXPRESS OR IMPLIED WARRANTIES,
    40                           ; INCLUDING, BUT NOT LIMITED TO, THE IMPLIED WARRANTIES OF MERCHANTABILITY AND FITNESS F
      +                          OR
    41                           ; PURPOSE ARE DISCLAIMED.  IN NO EVENT SHALL MICROCHIP BE LIABLE FOR ANY DIRECT, INDIREC
      +                          T,
    42                           ; INCIDENTAL, SPECIAL, EXEMPLARY, OR CONSEQUENTIAL DAMAGES (INCLUDING BUT NOT LIMITED TO
    43                           ; PROCUREMENT OF SUBSTITUTE GOODS OR SERVICES; LOSS OF USE, DATA OR PROFITS; OR BUSINESS
    44                           ; INTERRUPTION) HOWSOEVER CAUSED AND ON ANY THEORY OF LIABILITY, WHETHER IN CONTRACT, ST
      +                          RICT
    45                           ; LIABILITY, OR TORT (INCLUDING NEGLIGENCE OR OTHERWISE) ARISING IN ANY WAY OUT OF THE U
      +                          SE OF
    46                           ; THIS SOFTWARE, EVEN IF ADVISED OF THE POSSIBILITY OF SUCH DAMAGE.
    47                           ; 
    48                           ; 
    49                           ; Code-generator required, PIC18F2550 Definitions
    50                           ; 
    51                           ; SFR Addresses
    52  0000                     _RCREG	set	4014
    53  0000                     _PIR1bits	set	3998
    54  0000                     _TXREG	set	4013
    55  0000                     _TXSTAbits	set	4012
    56  0000                     _RCSTAbits	set	4011
    57  0000                     _SPBRG	set	4015
    58  0000                     _SPBRGH	set	4016
    59  0000                     _TRISCbits	set	3988
    60  0000                     _TMR0H	set	4055
    61  0000                     _TMR0L	set	4054
    62  0000                     _INTCON2bits	set	4081
    63  0000                     _T0CONbits	set	4053
    64  0000                     _OSCCONbits	set	4051
    65  0000                     _INTCONbits	set	4082
    66  0000                     _TRISC	set	3988
    67  0000                     _TRISA	set	3986
    68  0000                     _ADCON1bits	set	4033
    69  0000                     _PORTBbits	set	3969
    70  0000                     _TRISBbits	set	3987
    71  0000                     _WDTCON	set	4049
    72  0000                     _PORTC	set	3970
    73  0000                     _PORTA	set	3968
    74  0000                     _TMR0IF	set	32658
    75                           
    76                           ; #config settings
    77  0000                     
    78                           	psect	cinit
    79  000156                     __pcinit:
    80                           	opt stack 0
    81  000156                     start_initialization:
    82                           	opt stack 0
    83  000156                     __initialization:
    84                           	opt stack 0
    85  000156                     end_of_initialization:
    86                           	opt stack 0
    87  000156                     __end_of__initialization:
    88                           	opt stack 0
    89  000156  901B               	bcf	int$flags,0,c	;clear compiler interrupt flag (level 1)
    90  000158  921B               	bcf	int$flags,1,c	;clear compiler interrupt flag (level 2)
    91  00015A  0100               	movlb	0
    92  00015C  EF66  F000         	goto	_main	;jump to C main() function
    93                           
    94                           	psect	cstackCOMRAM
    95  000001                     __pcstackCOMRAM:
    96                           	opt stack 0
    97  000001                     ??_timer0_isr:
    98                           
    99                           ; 1 bytes @ 0x0
   100  000001                     	ds	21
   101  000016                     uart_setup@val:
   102                           	opt stack 0
   103                           
   104                           ; 2 bytes @ 0x15
   105  000016                     	ds	2
   106  000018                     uart_setup@spbaud:
   107                           	opt stack 0
   108                           
   109                           ; 2 bytes @ 0x17
   110  000018                     	ds	2
   111  00001A                     ??_main:
   112                           
   113                           ; 1 bytes @ 0x19
   114  00001A                     	ds	1
   115                           
   116 ;;
   117 ;;Main: autosize = 0, tempsize = 1, incstack = 0, save=0
   118 ;;
   119 ;; *************** function _main *****************
   120 ;; Defined at:
   121 ;;		line 25 in file "main.c"
   122 ;; Parameters:    Size  Location     Type
   123 ;;		None
   124 ;; Auto vars:     Size  Location     Type
   125 ;;  buffer         10    0        unsigned char [10]
   126 ;; Return value:  Size  Location     Type
   127 ;;                  1    wreg      void 
   128 ;; Registers used:
   129 ;;		wreg, status,2, status,0, cstack
   130 ;; Tracked objects:
   131 ;;		On entry : 0/0
   132 ;;		On exit  : 0/0
   133 ;;		Unchanged: 0/0
   134 ;; Data sizes:     COMRAM   BANK0   BANK1   BANK2   BANK3   BANK4   BANK5   BANK6   BANK7
   135 ;;      Params:         0       0       0       0       0       0       0       0       0
   136 ;;      Locals:         0       0       0       0       0       0       0       0       0
   137 ;;      Temps:          1       0       0       0       0       0       0       0       0
   138 ;;      Totals:         1       0       0       0       0       0       0       0       0
   139 ;;Total ram usage:        1 bytes
   140 ;; Hardware stack levels required when called:    3
   141 ;; This function calls:
   142 ;;		_system_setup
   143 ;;		_uart_setup
   144 ;; This function is called by:
   145 ;;		Startup code after reset
   146 ;; This function uses a non-reentrant model
   147 ;;
   148                           
   149                           	psect	text0
   150  0000CC                     __ptext0:
   151                           	opt stack 0
   152  0000CC                     _main:
   153                           	opt stack 28
   154                           
   155                           ;main.c: 27: WDTCON = 0b00;
   156                           
   157                           ;incstack = 0
   158  0000CC  0E00               	movlw	0
   159  0000CE  6ED1               	movwf	4049,c	;volatile
   160                           
   161                           ;main.c: 28: system_setup();
   162  0000D0  EC8E  F000         	call	_system_setup	;wreg free
   163                           
   164                           ;main.c: 29: uart_setup(9600);
   165  0000D4  0E25               	movlw	37
   166  0000D6  6E17               	movwf	uart_setup@val+1,c
   167  0000D8  0E80               	movlw	128
   168  0000DA  6E16               	movwf	uart_setup@val,c
   169  0000DC  EC80  F000         	call	_uart_setup	;wreg free
   170                           
   171                           ;main.c: 31: char buffer[10];
   172                           ;main.c: 32: TRISBbits.TRISB0 = 0;
   173  0000E0  9093               	bcf	3987,0,c	;volatile
   174  0000E2  F000               	nop		;# 
   175  0000E4  F000               	nop		;# 
   176  0000E6                     
   177                           ;main.c: 39: PORTBbits.RB0 = ~PORTBbits.RB0;
   178  0000E6  A081               	btfss	3969,0,c	;volatile
   179  0000E8  D002               	goto	u50
   180  0000EA  0E01               	movlw	1
   181  0000EC  D001               	goto	u56
   182  0000EE                     u50:
   183  0000EE  0E00               	movlw	0
   184  0000F0                     u56:
   185  0000F0  0AFF               	xorlw	255
   186  0000F2  6E1A               	movwf	??_main& (0+255),c
   187  0000F4  5081               	movf	3969,w,c	;volatile
   188  0000F6  181A               	xorwf	??_main,w,c
   189  0000F8  0BFE               	andlw	-2
   190  0000FA  181A               	xorwf	??_main,w,c
   191  0000FC  6E81               	movwf	3969,c	;volatile
   192                           
   193                           ;main.c: 58: }
   194  0000FE  D7F3               	goto	l22
   195  000100                     __end_of_main:
   196                           	opt stack 0
   197                           
   198 ;; *************** function _uart_setup *****************
   199 ;; Defined at:
   200 ;;		line 3 in file "uart.c"
   201 ;; Parameters:    Size  Location     Type
   202 ;;  val             2   21[COMRAM] unsigned int 
   203 ;; Auto vars:     Size  Location     Type
   204 ;;  spbaud          2   23[COMRAM] unsigned int 
   205 ;; Return value:  Size  Location     Type
   206 ;;                  1    wreg      void 
   207 ;; Registers used:
   208 ;;		wreg, status,2
   209 ;; Tracked objects:
   210 ;;		On entry : 0/0
   211 ;;		On exit  : 0/0
   212 ;;		Unchanged: 0/0
   213 ;; Data sizes:     COMRAM   BANK0   BANK1   BANK2   BANK3   BANK4   BANK5   BANK6   BANK7
   214 ;;      Params:         2       0       0       0       0       0       0       0       0
   215 ;;      Locals:         2       0       0       0       0       0       0       0       0
   216 ;;      Temps:          0       0       0       0       0       0       0       0       0
   217 ;;      Totals:         4       0       0       0       0       0       0       0       0
   218 ;;Total ram usage:        4 bytes
   219 ;; Hardware stack levels used:    1
   220 ;; Hardware stack levels required when called:    1
   221 ;; This function calls:
   222 ;;		Nothing
   223 ;; This function is called by:
   224 ;;		_main
   225 ;; This function uses a non-reentrant model
   226 ;;
   227                           
   228                           	psect	text1
   229  000100                     __ptext1:
   230                           	opt stack 0
   231  000100                     _uart_setup:
   232                           	opt stack 29
   233                           
   234                           ;uart.c: 5: TRISCbits.TRISC7 = 1;
   235                           
   236                           ;incstack = 0
   237  000100  8E94               	bsf	3988,7,c	;volatile
   238                           
   239                           ;uart.c: 6: TRISCbits.TRISC6 = 1;
   240  000102  8C94               	bsf	3988,6,c	;volatile
   241                           
   242                           ;uart.c: 11: uint16_t spbaud = 12;
   243  000104  0E00               	movlw	0
   244  000106  6E19               	movwf	uart_setup@spbaud+1,c
   245  000108  0E0C               	movlw	12
   246  00010A  6E18               	movwf	uart_setup@spbaud,c
   247                           
   248                           ;uart.c: 13: SPBRGH = spbaud >> 8;
   249  00010C  5019               	movf	uart_setup@spbaud+1,w,c
   250  00010E  6EB0               	movwf	4016,c	;volatile
   251                           
   252                           ;uart.c: 14: SPBRG = spbaud & 0xFF;
   253  000110  C018  FFAF         	movff	uart_setup@spbaud,4015	;volatile
   254                           
   255                           ;uart.c: 16: RCSTAbits.SPEN = 1;
   256  000114  8EAB               	bsf	4011,7,c	;volatile
   257                           
   258                           ;uart.c: 18: TXSTAbits.TXEN = 1;
   259  000116  8AAC               	bsf	4012,5,c	;volatile
   260                           
   261                           ;uart.c: 19: RCSTAbits.CREN = 1;
   262  000118  88AB               	bsf	4011,4,c	;volatile
   263  00011A  0012               	return		;funcret
   264  00011C                     __end_of_uart_setup:
   265                           	opt stack 0
   266                           
   267 ;; *************** function _system_setup *****************
   268 ;; Defined at:
   269 ;;		line 18 in file "setup.c"
   270 ;; Parameters:    Size  Location     Type
   271 ;;		None
   272 ;; Auto vars:     Size  Location     Type
   273 ;;		None
   274 ;; Return value:  Size  Location     Type
   275 ;;                  1    wreg      void 
   276 ;; Registers used:
   277 ;;		wreg, status,2, cstack
   278 ;; Tracked objects:
   279 ;;		On entry : 0/0
   280 ;;		On exit  : 0/0
   281 ;;		Unchanged: 0/0
   282 ;; Data sizes:     COMRAM   BANK0   BANK1   BANK2   BANK3   BANK4   BANK5   BANK6   BANK7
   283 ;;      Params:         0       0       0       0       0       0       0       0       0
   284 ;;      Locals:         0       0       0       0       0       0       0       0       0
   285 ;;      Temps:          0       0       0       0       0       0       0       0       0
   286 ;;      Totals:         0       0       0       0       0       0       0       0       0
   287 ;;Total ram usage:        0 bytes
   288 ;; Hardware stack levels used:    1
   289 ;; Hardware stack levels required when called:    2
   290 ;; This function calls:
   291 ;;		_interrupt_setup
   292 ;;		_io_setup
   293 ;;		_timer0_setup
   294 ;; This function is called by:
   295 ;;		_main
   296 ;; This function uses a non-reentrant model
   297 ;;
   298                           
   299                           	psect	text2
   300  00011C                     __ptext2:
   301                           	opt stack 0
   302  00011C                     _system_setup:
   303                           	opt stack 28
   304                           
   305                           ;setup.c: 20: OSCCONbits.IRCF = 0b111;
   306                           
   307                           ;incstack = 0
   308  00011C  88D3               	bsf	4051,4,c	;volatile
   309  00011E  8AD3               	bsf	4051,5,c	;volatile
   310  000120  8CD3               	bsf	4051,6,c	;volatile
   311                           
   312                           ;setup.c: 21: OSCCONbits.SCS = 0b11;
   313  000122  0E03               	movlw	3
   314  000124  12D3               	iorwf	4051,f,c	;volatile
   315                           
   316                           ;setup.c: 26: io_setup();
   317  000126  EC9A  F000         	call	_io_setup	;wreg free
   318                           
   319                           ;setup.c: 27: timer0_setup();
   320  00012A  ECA3  F000         	call	_timer0_setup	;wreg free
   321                           
   322                           ;setup.c: 29: interrupt_setup();
   323  00012E  ECB0  F000         	call	_interrupt_setup	;wreg free
   324  000132  0012               	return		;funcret
   325  000134                     __end_of_system_setup:
   326                           	opt stack 0
   327                           
   328 ;; *************** function _timer0_setup *****************
   329 ;; Defined at:
   330 ;;		line 3 in file "timer.c"
   331 ;; Parameters:    Size  Location     Type
   332 ;;		None
   333 ;; Auto vars:     Size  Location     Type
   334 ;;		None
   335 ;; Return value:  Size  Location     Type
   336 ;;                  1    wreg      void 
   337 ;; Registers used:
   338 ;;		None
   339 ;; Tracked objects:
   340 ;;		On entry : 0/0
   341 ;;		On exit  : 0/0
   342 ;;		Unchanged: 0/0
   343 ;; Data sizes:     COMRAM   BANK0   BANK1   BANK2   BANK3   BANK4   BANK5   BANK6   BANK7
   344 ;;      Params:         0       0       0       0       0       0       0       0       0
   345 ;;      Locals:         0       0       0       0       0       0       0       0       0
   346 ;;      Temps:          0       0       0       0       0       0       0       0       0
   347 ;;      Totals:         0       0       0       0       0       0       0       0       0
   348 ;;Total ram usage:        0 bytes
   349 ;; Hardware stack levels used:    1
   350 ;; Hardware stack levels required when called:    1
   351 ;; This function calls:
   352 ;;		Nothing
   353 ;; This function is called by:
   354 ;;		_system_setup
   355 ;; This function uses a non-reentrant model
   356 ;;
   357                           
   358                           	psect	text3
   359  000146                     __ptext3:
   360                           	opt stack 0
   361  000146                     _timer0_setup:
   362                           	opt stack 28
   363                           
   364                           ;timer.c: 4: T0CONbits.TMR0ON = 0;
   365                           
   366                           ;incstack = 0
   367  000146  9ED5               	bcf	4053,7,c	;volatile
   368                           
   369                           ;timer.c: 5: T0CONbits.T0CS = 0;
   370  000148  9AD5               	bcf	4053,5,c	;volatile
   371                           
   372                           ;timer.c: 6: T0CONbits.T08BIT = 0;
   373  00014A  9CD5               	bcf	4053,6,c	;volatile
   374                           
   375                           ;timer.c: 8: T0CONbits.PSA = 0;
   376  00014C  96D5               	bcf	4053,3,c	;volatile
   377                           
   378                           ;timer.c: 12: INTCONbits.T0IE = 1;
   379  00014E  8AF2               	bsf	intcon,5,c	;volatile
   380                           
   381                           ;timer.c: 13: INTCONbits.T0IF = 0;
   382  000150  94F2               	bcf	intcon,2,c	;volatile
   383                           
   384                           ;timer.c: 14: INTCON2bits.T0IP = 0;
   385  000152  94F1               	bcf	intcon2,2,c	;volatile
   386  000154  0012               	return		;funcret
   387  000156                     __end_of_timer0_setup:
   388                           	opt stack 0
   389                           intcon	equ	0xFF2
   390                           intcon2	equ	0xFF1
   391                           
   392 ;; *************** function _io_setup *****************
   393 ;; Defined at:
   394 ;;		line 5 in file "setup.c"
   395 ;; Parameters:    Size  Location     Type
   396 ;;		None
   397 ;; Auto vars:     Size  Location     Type
   398 ;;		None
   399 ;; Return value:  Size  Location     Type
   400 ;;                  1    wreg      void 
   401 ;; Registers used:
   402 ;;		wreg, status,2
   403 ;; Tracked objects:
   404 ;;		On entry : 0/0
   405 ;;		On exit  : 0/0
   406 ;;		Unchanged: 0/0
   407 ;; Data sizes:     COMRAM   BANK0   BANK1   BANK2   BANK3   BANK4   BANK5   BANK6   BANK7
   408 ;;      Params:         0       0       0       0       0       0       0       0       0
   409 ;;      Locals:         0       0       0       0       0       0       0       0       0
   410 ;;      Temps:          0       0       0       0       0       0       0       0       0
   411 ;;      Totals:         0       0       0       0       0       0       0       0       0
   412 ;;Total ram usage:        0 bytes
   413 ;; Hardware stack levels used:    1
   414 ;; Hardware stack levels required when called:    1
   415 ;; This function calls:
   416 ;;		Nothing
   417 ;; This function is called by:
   418 ;;		_system_setup
   419 ;; This function uses a non-reentrant model
   420 ;;
   421                           
   422                           	psect	text4
   423  000134                     __ptext4:
   424                           	opt stack 0
   425  000134                     _io_setup:
   426                           	opt stack 28
   427                           
   428                           ;setup.c: 6: ADCON1bits.PCFG = 0b1111;
   429                           
   430                           ;incstack = 0
   431  000134  80C1               	bsf	4033,0,c	;volatile
   432  000136  82C1               	bsf	4033,1,c	;volatile
   433  000138  84C1               	bsf	4033,2,c	;volatile
   434  00013A  86C1               	bsf	4033,3,c	;volatile
   435                           
   436                           ;setup.c: 7: TRISA = 0x7F;
   437  00013C  0E7F               	movlw	127
   438  00013E  6E92               	movwf	3986,c	;volatile
   439                           
   440                           ;setup.c: 8: TRISC = 0x03;
   441  000140  0E03               	movlw	3
   442  000142  6E94               	movwf	3988,c	;volatile
   443  000144  0012               	return		;funcret
   444  000146                     __end_of_io_setup:
   445                           	opt stack 0
   446                           intcon	equ	0xFF2
   447                           intcon2	equ	0xFF1
   448                           
   449 ;; *************** function _interrupt_setup *****************
   450 ;; Defined at:
   451 ;;		line 13 in file "setup.c"
   452 ;; Parameters:    Size  Location     Type
   453 ;;		None
   454 ;; Auto vars:     Size  Location     Type
   455 ;;		None
   456 ;; Return value:  Size  Location     Type
   457 ;;                  1    wreg      void 
   458 ;; Registers used:
   459 ;;		None
   460 ;; Tracked objects:
   461 ;;		On entry : 0/0
   462 ;;		On exit  : 0/0
   463 ;;		Unchanged: 0/0
   464 ;; Data sizes:     COMRAM   BANK0   BANK1   BANK2   BANK3   BANK4   BANK5   BANK6   BANK7
   465 ;;      Params:         0       0       0       0       0       0       0       0       0
   466 ;;      Locals:         0       0       0       0       0       0       0       0       0
   467 ;;      Temps:          0       0       0       0       0       0       0       0       0
   468 ;;      Totals:         0       0       0       0       0       0       0       0       0
   469 ;;Total ram usage:        0 bytes
   470 ;; Hardware stack levels used:    1
   471 ;; Hardware stack levels required when called:    1
   472 ;; This function calls:
   473 ;;		Nothing
   474 ;; This function is called by:
   475 ;;		_system_setup
   476 ;; This function uses a non-reentrant model
   477 ;;
   478                           
   479                           	psect	text5
   480  000160                     __ptext5:
   481                           	opt stack 0
   482  000160                     _interrupt_setup:
   483                           	opt stack 28
   484                           
   485                           ;setup.c: 14: INTCONbits.GIE = 1;
   486                           
   487                           ;incstack = 0
   488  000160  8EF2               	bsf	intcon,7,c	;volatile
   489                           
   490                           ;setup.c: 15: INTCONbits.PEIE = 1;
   491  000162  8CF2               	bsf	intcon,6,c	;volatile
   492  000164  0012               	return		;funcret
   493  000166                     __end_of_interrupt_setup:
   494                           	opt stack 0
   495                           intcon	equ	0xFF2
   496                           intcon2	equ	0xFF1
   497                           
   498 ;; *************** function _timer0_isr *****************
   499 ;; Defined at:
   500 ;;		line 30 in file "timer.c"
   501 ;; Parameters:    Size  Location     Type
   502 ;;		None
   503 ;; Auto vars:     Size  Location     Type
   504 ;;		None
   505 ;; Return value:  Size  Location     Type
   506 ;;                  1    wreg      void 
   507 ;; Registers used:
   508 ;;		None
   509 ;; Tracked objects:
   510 ;;		On entry : 0/0
   511 ;;		On exit  : 0/0
   512 ;;		Unchanged: 0/0
   513 ;; Data sizes:     COMRAM   BANK0   BANK1   BANK2   BANK3   BANK4   BANK5   BANK6   BANK7
   514 ;;      Params:         0       0       0       0       0       0       0       0       0
   515 ;;      Locals:         0       0       0       0       0       0       0       0       0
   516 ;;      Temps:         21       0       0       0       0       0       0       0       0
   517 ;;      Totals:        21       0       0       0       0       0       0       0       0
   518 ;;Total ram usage:       21 bytes
   519 ;; Hardware stack levels used:    1
   520 ;; This function calls:
   521 ;;		Nothing
   522 ;; This function is called by:
   523 ;;		Interrupt level 1
   524 ;; This function uses a non-reentrant model
   525 ;;
   526                           
   527                           	psect	intcodelo
   528  000018                     __pintcodelo:
   529                           	opt stack 0
   530  000018                     _timer0_isr:
   531                           	opt stack 28
   532                           
   533                           ;incstack = 0
   534  000018  801B               	bsf	btemp,0,c	;set compiler interrupt flag (level 1)
   535  00001A  CFD8 F001          	movff	status,??_timer0_isr
   536  00001E  CFE8 F002          	movff	wreg,??_timer0_isr+1
   537  000022  CFE0 F003          	movff	bsr,??_timer0_isr+2
   538  000026  CFFA F004          	movff	pclath,??_timer0_isr+3
   539  00002A  CFFB F005          	movff	pclatu,??_timer0_isr+4
   540  00002E  CFE9 F006          	movff	fsr0l,??_timer0_isr+5
   541  000032  CFEA F007          	movff	fsr0h,??_timer0_isr+6
   542  000036  CFE1 F008          	movff	fsr1l,??_timer0_isr+7
   543  00003A  CFE2 F009          	movff	fsr1h,??_timer0_isr+8
   544  00003E  CFD9 F00A          	movff	fsr2l,??_timer0_isr+9
   545  000042  CFDA F00B          	movff	fsr2h,??_timer0_isr+10
   546  000046  CFF3 F00C          	movff	prodl,??_timer0_isr+11
   547  00004A  CFF4 F00D          	movff	prodh,??_timer0_isr+12
   548  00004E  CFF6 F00E          	movff	tblptrl,??_timer0_isr+13
   549  000052  CFF7 F00F          	movff	tblptrh,??_timer0_isr+14
   550  000056  CFF8 F010          	movff	tblptru,??_timer0_isr+15
   551  00005A  CFF5 F011          	movff	tablat,??_timer0_isr+16
   552  00005E  C01B  F012         	movff	btemp,??_timer0_isr+17
   553  000062  C01C  F013         	movff	btemp+1,??_timer0_isr+18
   554  000066  C01D  F014         	movff	btemp+2,??_timer0_isr+19
   555  00006A  C01E  F015         	movff	btemp+3,??_timer0_isr+20
   556                           
   557                           ;timer.c: 31: TMR0IF = 0;
   558  00006E  94F2               	bcf	intcon,2,c	;volatile
   559  000070  C015  F01E         	movff	??_timer0_isr+20,btemp+3
   560  000074  C014  F01D         	movff	??_timer0_isr+19,btemp+2
   561  000078  C013  F01C         	movff	??_timer0_isr+18,btemp+1
   562  00007C  C012  F01B         	movff	??_timer0_isr+17,btemp
   563  000080  C011  FFF5         	movff	??_timer0_isr+16,tablat
   564  000084  C010  FFF8         	movff	??_timer0_isr+15,tblptru
   565  000088  C00F  FFF7         	movff	??_timer0_isr+14,tblptrh
   566  00008C  C00E  FFF6         	movff	??_timer0_isr+13,tblptrl
   567  000090  C00D  FFF4         	movff	??_timer0_isr+12,prodh
   568  000094  C00C  FFF3         	movff	??_timer0_isr+11,prodl
   569  000098  C00B  FFDA         	movff	??_timer0_isr+10,fsr2h
   570  00009C  C00A  FFD9         	movff	??_timer0_isr+9,fsr2l
   571  0000A0  C009  FFE2         	movff	??_timer0_isr+8,fsr1h
   572  0000A4  C008  FFE1         	movff	??_timer0_isr+7,fsr1l
   573  0000A8  C007  FFEA         	movff	??_timer0_isr+6,fsr0h
   574  0000AC  C006  FFE9         	movff	??_timer0_isr+5,fsr0l
   575  0000B0  C005  FFFB         	movff	??_timer0_isr+4,pclatu
   576  0000B4  C004  FFFA         	movff	??_timer0_isr+3,pclath
   577  0000B8  C003  FFE0         	movff	??_timer0_isr+2,bsr
   578  0000BC  C002  FFE8         	movff	??_timer0_isr+1,wreg
   579  0000C0  C001  FFD8         	movff	??_timer0_isr,status
   580  0000C4  901B               	bcf	btemp,0,c	;clear compiler interrupt flag (level 1)
   581  0000C6  0010               	retfie	
   582  0000C8                     __end_of_timer0_isr:
   583                           	opt stack 0
   584  0000                     pclatu	equ	0xFFB
   585                           pclath	equ	0xFFA
   586                           tblptru	equ	0xFF8
   587                           tblptrh	equ	0xFF7
   588                           tblptrl	equ	0xFF6
   589                           tablat	equ	0xFF5
   590                           prodh	equ	0xFF4
   591                           prodl	equ	0xFF3
   592                           intcon	equ	0xFF2
   593                           intcon2	equ	0xFF1
   594                           fsr0h	equ	0xFEA
   595                           fsr0l	equ	0xFE9
   596                           wreg	equ	0xFE8
   597                           fsr1h	equ	0xFE2
   598                           fsr1l	equ	0xFE1
   599                           bsr	equ	0xFE0
   600                           fsr2h	equ	0xFDA
   601                           fsr2l	equ	0xFD9
   602                           status	equ	0xFD8
   603                           pclatu	equ	0xFFB
   604                           pclath	equ	0xFFA
   605                           tblptru	equ	0xFF8
   606                           tblptrh	equ	0xFF7
   607                           tblptrl	equ	0xFF6
   608                           tablat	equ	0xFF5
   609                           prodh	equ	0xFF4
   610                           prodl	equ	0xFF3
   611                           intcon	equ	0xFF2
   612                           intcon2	equ	0xFF1
   613                           fsr0h	equ	0xFEA
   614                           fsr0l	equ	0xFE9
   615                           wreg	equ	0xFE8
   616                           fsr1h	equ	0xFE2
   617                           fsr1l	equ	0xFE1
   618                           bsr	equ	0xFE0
   619                           fsr2h	equ	0xFDA
   620                           fsr2l	equ	0xFD9
   621                           status	equ	0xFD8
   622                           
   623                           	psect	rparam
   624  0000                     pclatu	equ	0xFFB
   625                           pclath	equ	0xFFA
   626                           tblptru	equ	0xFF8
   627                           tblptrh	equ	0xFF7
   628                           tblptrl	equ	0xFF6
   629                           tablat	equ	0xFF5
   630                           prodh	equ	0xFF4
   631                           prodl	equ	0xFF3
   632                           intcon	equ	0xFF2
   633                           intcon2	equ	0xFF1
   634                           fsr0h	equ	0xFEA
   635                           fsr0l	equ	0xFE9
   636                           wreg	equ	0xFE8
   637                           fsr1h	equ	0xFE2
   638                           fsr1l	equ	0xFE1
   639                           bsr	equ	0xFE0
   640                           fsr2h	equ	0xFDA
   641                           fsr2l	equ	0xFD9
   642                           status	equ	0xFD8
   643                           
   644                           	psect	temp
   645  00001B                     btemp:
   646                           	opt stack 0
   647  00001B                     	ds	1
   648  0000                     int$flags	set	btemp
   649  0000                     wtemp6	set	btemp+1
   650                           pclatu	equ	0xFFB
   651                           pclath	equ	0xFFA
   652                           tblptru	equ	0xFF8
   653                           tblptrh	equ	0xFF7
   654                           tblptrl	equ	0xFF6
   655                           tablat	equ	0xFF5
   656                           prodh	equ	0xFF4
   657                           prodl	equ	0xFF3
   658                           intcon	equ	0xFF2
   659                           intcon2	equ	0xFF1
   660                           fsr0h	equ	0xFEA
   661                           fsr0l	equ	0xFE9
   662                           wreg	equ	0xFE8
   663                           fsr1h	equ	0xFE2
   664                           fsr1l	equ	0xFE1
   665                           bsr	equ	0xFE0
   666                           fsr2h	equ	0xFDA
   667                           fsr2l	equ	0xFD9
   668                           status	equ	0xFD8


Data Sizes:
    Strings     0
    Constant    0
    Data        0
    BSS         0
    Persistent  0
    Stack       0

Auto Spaces:
    Space          Size  Autos    Used
    COMRAM           94     26      26
    BANK0           160      0       0
    BANK1           256      0       0
    BANK2           256      0       0
    BANK3           256      0       0
    BANK4           256      0       0
    BANK5           256      0       0
    BANK6           256      0       0
    BANK7           256      0       0

Pointer List with Targets:

    None.

Critical Paths under _main in COMRAM

    _main->_uart_setup

Critical Paths under _timer0_isr in COMRAM

    None.

Critical Paths under _main in BANK0

    None.

Critical Paths under _timer0_isr in BANK0

    None.

Critical Paths under _main in BANK1

    None.

Critical Paths under _timer0_isr in BANK1

    None.

Critical Paths under _main in BANK2

    None.

Critical Paths under _timer0_isr in BANK2

    None.

Critical Paths under _main in BANK3

    None.

Critical Paths under _timer0_isr in BANK3

    None.

Critical Paths under _main in BANK4

    None.

Critical Paths under _timer0_isr in BANK4

    None.

Critical Paths under _main in BANK5

    None.

Critical Paths under _timer0_isr in BANK5

    None.

Critical Paths under _main in BANK6

    None.

Critical Paths under _timer0_isr in BANK6

    None.

Critical Paths under _main in BANK7

    None.

Critical Paths under _timer0_isr in BANK7

    None.

Call Graph Tables:

 ---------------------------------------------------------------------------------
 (Depth) Function   	        Calls       Base Space   Used Autos Params    Refs
 ---------------------------------------------------------------------------------
 (0) _main                                                11    11      0     121
                                             25 COMRAM     1     1      0
                       _system_setup
                         _uart_setup
 ---------------------------------------------------------------------------------
 (1) _uart_setup                                           4     2      2     121
                                             21 COMRAM     4     2      2
 ---------------------------------------------------------------------------------
 (1) _system_setup                                         0     0      0       0
                    _interrupt_setup
                           _io_setup
                       _timer0_setup
 ---------------------------------------------------------------------------------
 (2) _timer0_setup                                         0     0      0       0
 ---------------------------------------------------------------------------------
 (2) _io_setup                                             0     0      0       0
 ---------------------------------------------------------------------------------
 (2) _interrupt_setup                                      0     0      0       0
 ---------------------------------------------------------------------------------
 Estimated maximum stack depth 2
 ---------------------------------------------------------------------------------
 (Depth) Function   	        Calls       Base Space   Used Autos Params    Refs
 ---------------------------------------------------------------------------------
 (3) _timer0_isr                                          21    21      0       0
                                              0 COMRAM    21    21      0
 ---------------------------------------------------------------------------------
 Estimated maximum stack depth 3
 ---------------------------------------------------------------------------------

 Call Graph Graphs:

 _main (ROOT)
   _system_setup
     _interrupt_setup
     _io_setup
     _timer0_setup
   _uart_setup

 _timer0_isr (ROOT)

 Address spaces:
Name               Size   Autos  Total    Cost      Usage
BITCOMRAM           5E      0       0       0        0.0%
EEDATA             100      0       0       0        0.0%
NULL                 0      0       0       0        0.0%
CODE                 0      0       0       0        0.0%
COMRAM              5E     1A      1A       1       27.7%
STACK                0      0       0       2        0.0%
DATA                 0      0       0       3        0.0%
BITBANK0            A0      0       0       4        0.0%
BANK0               A0      0       0       5        0.0%
BITBANK1           100      0       0       6        0.0%
BANK1              100      0       0       7        0.0%
BITBANK2           100      0       0       8        0.0%
BANK2              100      0       0       9        0.0%
BITBANK3           100      0       0      10        0.0%
BANK3              100      0       0      11        0.0%
BITBANK4           100      0       0      12        0.0%
BANK4              100      0       0      13        0.0%
BITBANK5           100      0       0      14        0.0%
BANK5              100      0       0      15        0.0%
BITBANK6           100      0       0      16        0.0%
BANK6              100      0       0      17        0.0%
BITBANK7           100      0       0      18        0.0%
BANK7              100      0       0      19        0.0%
ABS                  0      0       0      20        0.0%
BIGRAM             7FF      0       0      21        0.0%
BITSFR               0      0       0     200        0.0%
SFR                  0      0       0     200        0.0%


Microchip Technology PIC18 Macro Assembler V1.43 build -156212558 
Symbol Table                                                                                   Tue Apr  3 17:16:59 2018

                      l22 00E6                        u50 00EE                        u56 00F0  
                      bsr 000FE0               __CFG_BORV$2 000000              __CFG_CP0$OFF 000000  
            __CFG_CP1$OFF 000000              __CFG_CP2$OFF 000000              __CFG_CP3$OFF 000000  
             __CFG_LVP$ON 000000              __CFG_CPB$OFF 000000              __CFG_CPD$OFF 000000  
            __CFG_BOR$OFF 000000                       wreg 000FE8      __end_of_system_setup 0134  
            __CFG_WDT$OFF 000000   __end_of_interrupt_setup 0166                      _main 00CC  
                    fsr0h 000FEA                      fsr1h 000FE2                      fsr2h 000FDA  
                    fsr0l 000FE9                      fsr1l 000FE1                      fsr2l 000FD9  
                    btemp 001B                      prodh 000FF4                      prodl 000FF3  
                    start 00C8             __CFG_IESO$OFF 000000             __CFG_MCLRE$ON 000000  
            ___param_bank 000000             __CFG_PLLDIV$1 000000            __CFG_CCP2MX$ON 000000  
                   ?_main 0001                     _RCREG 000FAE                     _TMR0H 000FD7  
                   _TMR0L 000FD6                     _SPBRG 000FAF                     _PORTA 000F80  
                   _PORTC 000F82             __CFG_USBDIV$1 000000                     _TRISA 000F92  
                   _TRISC 000F94                     _TXREG 000FAD             __CFG_PWRT$OFF 000000  
           __CFG_WRT0$OFF 000000             __CFG_WRT1$OFF 000000             __CFG_WRT2$OFF 000000  
           __CFG_WRT3$OFF 000000            __CFG_EBTR0$OFF 000000            __CFG_FCMEN$OFF 000000  
          __CFG_EBTR1$OFF 000000            __CFG_EBTR2$OFF 000000            __CFG_EBTR3$OFF 000000  
           __CFG_WRTB$OFF 000000             __CFG_WRTC$OFF 000000             __CFG_WRTD$OFF 000000  
          __CFG_EBTRB$OFF 000000                     pclath 000FFA                     tablat 000FF5  
                   status 000FD8                     wtemp6 001C           __initialization 0156  
            __end_of_main 0100                    ??_main 001A             __activetblptr 000000  
        ?_interrupt_setup 0001                    _TMR0IF 007F92                    _SPBRGH 000FB0  
                  _WDTCON 000FD1            __CFG_XINST$OFF 000000            __CFG_STVREN$ON 000000  
        __end_of_io_setup 0146     __size_of_system_setup 0018                    tblptrh 000FF7  
                  tblptrl 000FF6                    tblptru 000FF8                __accesstop 0060  
 __end_of__initialization 0156           __CFG_PBADEN$OFF 000000             ___rparam_used 000001  
          __pcstackCOMRAM 0001              _system_setup 011C           __CFG_VREGEN$OFF 000000  
               ?_io_setup 0001                   __Hparam 0000                   __Lparam 0000  
                 __pcinit 0156                   __ramtop 0800                   __ptext0 00CC  
                 __ptext1 0100                   __ptext2 011C                   __ptext3 0146  
                 __ptext4 0134                   __ptext5 0160             ?_timer0_setup 0001  
               _T0CONbits 000FD5      end_of_initialization 0156                ??_io_setup 0016  
               _RCSTAbits 000FAB                _timer0_isr 0018                _uart_setup 0100  
          ??_timer0_setup 0016                 _PORTBbits 000F81                 _TRISBbits 000F93  
               _TRISCbits 000F94                 _TXSTAbits 000FAC  __size_of_interrupt_setup 0006  
     start_initialization 0156               ?_timer0_isr 0001          __CFG_LPT1OSC$OFF 000000  
             ?_uart_setup 0016      __end_of_timer0_setup 0156         __size_of_io_setup 0012  
             __pintcodelo 0018         ??_interrupt_setup 0016       __size_of_timer0_isr 00B0  
     __size_of_uart_setup 001C                  _PIR1bits 000F9E          __CFG_WDTPS$32768 000000  
              _ADCON1bits 000FC1               _INTCON2bits 000FF1                  __Hrparam 0000  
                __Lrparam 0000             ?_system_setup 0001          uart_setup@spbaud 0018  
   __CFG_FOSC$INTOSCIO_EC 000000     __size_of_timer0_setup 0010                  _io_setup 0134  
           __size_of_main 0034              ??_timer0_isr 0001            ??_system_setup 0016  
                int$flags 001B              ??_uart_setup 0018     __CFG_CPUDIV$OSC1_PLL2 000000  
            _timer0_setup 0146                _INTCONbits 000FF2                  intlevel1 0000  
      __end_of_timer0_isr 00C8        __end_of_uart_setup 011C           _interrupt_setup 0160  
              _OSCCONbits 000FD3             uart_setup@val 0016  
