23:29:00 INFO  : Registering command handlers for SDK TCF services
23:29:01 INFO  : Launching XSCT server: xsct.bat -interactive C:\Users\kyle\Desktop\dev\main\rtl\verilog\microblaze\microblaze.sdk\temp_xsdb_launch_script.tcl
23:29:04 INFO  : XSCT server has started successfully.
23:29:04 INFO  : Successfully done setting XSCT server connection channel  
23:29:06 INFO  : Successfully done setting SDK workspace  
23:29:06 INFO  : Processing command line option -hwspec C:/Users/kyle/Desktop/dev/main/rtl/verilog/microblaze/microblaze.sdk/microblaze_design_wrapper.hdf.
23:39:32 INFO  : Connected to target on host '127.0.0.1' and port '3121'.
23:40:01 INFO  : Connected to target on host '127.0.0.1' and port '3121'.
23:40:07 INFO  : Connected to target on host '127.0.0.1' and port '3121'.
23:40:36 INFO  : Connected to target on host '127.0.0.1' and port '3121'.
23:40:36 INFO  : 'targets -set -filter {jtag_cable_name =~ "Digilent Cmod A7 - 35T 210328A4168CA" && level==0} -index 0' command is executed.
23:40:37 INFO  : FPGA configured successfully with bitstream "C:/Users/kyle/Desktop/dev/main/rtl/verilog/microblaze/microblaze.sdk/microblaze_design_wrapper_hw_platform_0/download.bit"
23:41:20 INFO  : 'targets -set -filter {jtag_cable_name =~ "Digilent Cmod A7 - 35T 210328A4168CA" && level==0} -index 0' command is executed.
23:41:20 INFO  : 'fpga -state' command is executed.
23:41:20 INFO  : Connected to target on host '127.0.0.1' and port '3121'.
23:41:21 INFO  : Jtag cable 'Digilent Cmod A7 - 35T 210328A4168CA' is selected.
23:41:21 INFO  : 'jtag frequency' command is executed.
23:41:21 INFO  : 'configparams mdm-detect-bscan-mask 2' command is executed.
23:41:21 INFO  : Context for processor 'microblaze_0' is selected.
23:41:21 INFO  : Processor reset is completed for 'microblaze_0'.
23:41:21 INFO  : Context for processor 'microblaze_0' is selected.
23:41:21 INFO  : The application 'C:/Users/kyle/Desktop/dev/main/rtl/verilog/microblaze/microblaze.sdk/microblaze_src/Debug/microblaze_src.elf' is downloaded to processor 'microblaze_0'.
23:41:21 INFO  : ----------------XSDB Script----------------
connect -url tcp:127.0.0.1:3121
configparams mdm-detect-bscan-mask 2
targets -set -nocase -filter {name =~ "microblaze*#0" && bscan=="USER2"  && jtag_cable_name =~ "Digilent Cmod A7 - 35T 210328A4168CA"} -index 0
rst -processor
targets -set -nocase -filter {name =~ "microblaze*#0" && bscan=="USER2"  && jtag_cable_name =~ "Digilent Cmod A7 - 35T 210328A4168CA"} -index 0
dow C:/Users/kyle/Desktop/dev/main/rtl/verilog/microblaze/microblaze.sdk/microblaze_src/Debug/microblaze_src.elf
----------------End of Script----------------

23:41:21 INFO  : Memory regions updated for context PA
23:41:21 INFO  : Memory regions updated for context MicroBlaze Debug Module at USER2
23:41:21 INFO  : Context for processor 'microblaze_0' is selected.
23:41:21 INFO  : 'con' command is executed.
23:41:21 INFO  : ----------------XSDB Script (After Launch)----------------
targets -set -nocase -filter {name =~ "microblaze*#0" && bscan=="USER2"  && jtag_cable_name =~ "Digilent Cmod A7 - 35T 210328A4168CA"} -index 0
con
----------------End of Script----------------

23:41:21 INFO  : Launch script is exported to file 'C:\Users\kyle\Desktop\dev\main\rtl\verilog\microblaze\microblaze.sdk\.sdk\launch_scripts\xilinx_c-c++_application_(system_debugger)\system_debugger_using_debug_microblaze_src.elf_on_local.tcl'
23:42:24 INFO  : Connected to target on host '127.0.0.1' and port '3121'.
23:42:24 INFO  : 'targets -set -filter {jtag_cable_name =~ "Digilent Cmod A7 - 35T 210328A4168CA" && level==0} -index 0' command is executed.
23:42:25 INFO  : FPGA configured successfully with bitstream "C:/Users/kyle/Desktop/dev/main/rtl/verilog/microblaze/microblaze.sdk/microblaze_design_wrapper_hw_platform_0/download.bit"
23:43:36 INFO  : Disconnected from the channel tcfchan#1.
