21:41:20 INFO  : Registering command handlers for SDK TCF services
21:41:21 INFO  : Launching XSCT server: xsct.bat -interactive C:\Users\kyle\Desktop\dev\main\rtl\verilog\microblaze_base\microblaze_base.sdk\temp_xsdb_launch_script.tcl
21:41:23 INFO  : XSCT server has started successfully.
21:41:23 INFO  : Successfully done setting XSCT server connection channel  
21:41:23 INFO  : Successfully done setting SDK workspace  
21:41:23 INFO  : Processing command line option -hwspec C:/Users/kyle/Desktop/dev/main/rtl/verilog/microblaze_base/microblaze_base.sdk/microblaze_wrapper.hdf.
21:47:43 INFO  : Connected to target on host '127.0.0.1' and port '3121'.
21:47:48 INFO  : Connected to target on host '127.0.0.1' and port '3121'.
21:48:20 INFO  : Connected to target on host '127.0.0.1' and port '3121'.
21:50:08 INFO  : Connected to target on host '127.0.0.1' and port '3121'.
21:50:22 INFO  : Connected to target on host '127.0.0.1' and port '3121'.
21:50:22 INFO  : 'targets -set -filter {jtag_cable_name =~ "Digilent Cmod A7 - 35T 210328A4168CA" && level==0} -index 0' command is executed.
21:50:23 INFO  : FPGA configured successfully with bitstream "C:/Users/kyle/Desktop/dev/main/rtl/verilog/microblaze_base/microblaze_base.sdk/microblaze_wrapper_hw_platform_0/download.bit"
21:50:54 INFO  : 'targets -set -filter {jtag_cable_name =~ "Digilent Cmod A7 - 35T 210328A4168CA" && level==0} -index 0' command is executed.
21:50:54 INFO  : 'fpga -state' command is executed.
21:50:54 INFO  : Connected to target on host '127.0.0.1' and port '3121'.
21:50:55 INFO  : Jtag cable 'Digilent Cmod A7 - 35T 210328A4168CA' is selected.
21:50:55 INFO  : 'jtag frequency' command is executed.
21:50:55 INFO  : 'configparams mdm-detect-bscan-mask 2' command is executed.
21:50:55 INFO  : Context for processor 'microblaze_0' is selected.
21:50:55 INFO  : Processor reset is completed for 'microblaze_0'.
21:50:55 INFO  : Context for processor 'microblaze_0' is selected.
21:50:55 INFO  : The application 'C:/Users/kyle/Desktop/dev/main/rtl/verilog/microblaze_base/microblaze_base.sdk/microblaze_src/Debug/microblaze_src.elf' is downloaded to processor 'microblaze_0'.
21:50:55 INFO  : ----------------XSDB Script----------------
connect -url tcp:127.0.0.1:3121
configparams mdm-detect-bscan-mask 2
targets -set -nocase -filter {name =~ "microblaze*#0" && bscan=="USER2"  && jtag_cable_name =~ "Digilent Cmod A7 - 35T 210328A4168CA"} -index 0
rst -processor
targets -set -nocase -filter {name =~ "microblaze*#0" && bscan=="USER2"  && jtag_cable_name =~ "Digilent Cmod A7 - 35T 210328A4168CA"} -index 0
dow C:/Users/kyle/Desktop/dev/main/rtl/verilog/microblaze_base/microblaze_base.sdk/microblaze_src/Debug/microblaze_src.elf
----------------End of Script----------------

21:50:55 INFO  : Memory regions updated for context PA
21:50:55 INFO  : Memory regions updated for context MicroBlaze Debug Module at USER2
21:50:55 INFO  : Context for processor 'microblaze_0' is selected.
21:50:55 INFO  : 'con' command is executed.
21:50:55 INFO  : ----------------XSDB Script (After Launch)----------------
targets -set -nocase -filter {name =~ "microblaze*#0" && bscan=="USER2"  && jtag_cable_name =~ "Digilent Cmod A7 - 35T 210328A4168CA"} -index 0
con
----------------End of Script----------------

21:50:55 INFO  : Launch script is exported to file 'C:\Users\kyle\Desktop\dev\main\rtl\verilog\microblaze_base\microblaze_base.sdk\.sdk\launch_scripts\xilinx_c-c++_application_(system_debugger)\system_debugger_using_debug_microblaze_src.elf_on_local.tcl'
21:52:51 INFO  : Disconnected from the channel tcfchan#1.
21:52:53 INFO  : 'targets -set -filter {jtag_cable_name =~ "Digilent Cmod A7 - 35T 210328A4168CA" && level==0} -index 0' command is executed.
21:52:53 INFO  : 'fpga -state' command is executed.
21:52:53 INFO  : Connected to target on host '127.0.0.1' and port '3121'.
21:52:53 INFO  : Jtag cable 'Digilent Cmod A7 - 35T 210328A4168CA' is selected.
21:52:53 INFO  : 'jtag frequency' command is executed.
21:52:53 INFO  : 'configparams mdm-detect-bscan-mask 2' command is executed.
21:52:53 INFO  : Context for processor 'microblaze_0' is selected.
21:52:53 INFO  : Processor reset is completed for 'microblaze_0'.
21:52:53 INFO  : Context for processor 'microblaze_0' is selected.
21:52:53 INFO  : The application 'C:/Users/kyle/Desktop/dev/main/rtl/verilog/microblaze_base/microblaze_base.sdk/microblaze_src/Debug/microblaze_src.elf' is downloaded to processor 'microblaze_0'.
21:52:53 INFO  : ----------------XSDB Script----------------
connect -url tcp:127.0.0.1:3121
configparams mdm-detect-bscan-mask 2
targets -set -nocase -filter {name =~ "microblaze*#0" && bscan=="USER2"  && jtag_cable_name =~ "Digilent Cmod A7 - 35T 210328A4168CA"} -index 0
rst -processor
targets -set -nocase -filter {name =~ "microblaze*#0" && bscan=="USER2"  && jtag_cable_name =~ "Digilent Cmod A7 - 35T 210328A4168CA"} -index 0
dow C:/Users/kyle/Desktop/dev/main/rtl/verilog/microblaze_base/microblaze_base.sdk/microblaze_src/Debug/microblaze_src.elf
----------------End of Script----------------

21:52:53 INFO  : Memory regions updated for context PA
21:52:53 INFO  : Memory regions updated for context MicroBlaze Debug Module at USER2
21:52:53 INFO  : Context for processor 'microblaze_0' is selected.
21:52:53 INFO  : 'con' command is executed.
21:52:53 INFO  : ----------------XSDB Script (After Launch)----------------
targets -set -nocase -filter {name =~ "microblaze*#0" && bscan=="USER2"  && jtag_cable_name =~ "Digilent Cmod A7 - 35T 210328A4168CA"} -index 0
con
----------------End of Script----------------

21:52:53 INFO  : Launch script is exported to file 'C:\Users\kyle\Desktop\dev\main\rtl\verilog\microblaze_base\microblaze_base.sdk\.sdk\launch_scripts\xilinx_c-c++_application_(system_debugger)\system_debugger_using_debug_microblaze_src.elf_on_local.tcl'
21:54:47 INFO  : Disconnected from the channel tcfchan#2.
21:54:48 INFO  : 'targets -set -filter {jtag_cable_name =~ "Digilent Cmod A7 - 35T 210328A4168CA" && level==0} -index 0' command is executed.
21:54:48 INFO  : 'fpga -state' command is executed.
21:54:48 INFO  : Connected to target on host '127.0.0.1' and port '3121'.
21:54:48 INFO  : Jtag cable 'Digilent Cmod A7 - 35T 210328A4168CA' is selected.
21:54:48 INFO  : 'jtag frequency' command is executed.
21:54:48 INFO  : 'configparams mdm-detect-bscan-mask 2' command is executed.
21:54:48 INFO  : Context for processor 'microblaze_0' is selected.
21:54:48 INFO  : Processor reset is completed for 'microblaze_0'.
21:54:48 INFO  : Context for processor 'microblaze_0' is selected.
21:54:48 INFO  : The application 'C:/Users/kyle/Desktop/dev/main/rtl/verilog/microblaze_base/microblaze_base.sdk/microblaze_src/Debug/microblaze_src.elf' is downloaded to processor 'microblaze_0'.
21:54:48 INFO  : ----------------XSDB Script----------------
connect -url tcp:127.0.0.1:3121
configparams mdm-detect-bscan-mask 2
targets -set -nocase -filter {name =~ "microblaze*#0" && bscan=="USER2"  && jtag_cable_name =~ "Digilent Cmod A7 - 35T 210328A4168CA"} -index 0
rst -processor
targets -set -nocase -filter {name =~ "microblaze*#0" && bscan=="USER2"  && jtag_cable_name =~ "Digilent Cmod A7 - 35T 210328A4168CA"} -index 0
dow C:/Users/kyle/Desktop/dev/main/rtl/verilog/microblaze_base/microblaze_base.sdk/microblaze_src/Debug/microblaze_src.elf
----------------End of Script----------------

21:54:48 INFO  : Memory regions updated for context PA
21:54:48 INFO  : Memory regions updated for context MicroBlaze Debug Module at USER2
21:54:48 INFO  : Context for processor 'microblaze_0' is selected.
21:54:48 INFO  : 'con' command is executed.
21:54:48 INFO  : ----------------XSDB Script (After Launch)----------------
targets -set -nocase -filter {name =~ "microblaze*#0" && bscan=="USER2"  && jtag_cable_name =~ "Digilent Cmod A7 - 35T 210328A4168CA"} -index 0
con
----------------End of Script----------------

21:54:48 INFO  : Launch script is exported to file 'C:\Users\kyle\Desktop\dev\main\rtl\verilog\microblaze_base\microblaze_base.sdk\.sdk\launch_scripts\xilinx_c-c++_application_(system_debugger)\system_debugger_using_debug_microblaze_src.elf_on_local.tcl'
21:55:06 INFO  : Disconnected from the channel tcfchan#3.
21:55:07 INFO  : 'targets -set -filter {jtag_cable_name =~ "Digilent Cmod A7 - 35T 210328A4168CA" && level==0} -index 0' command is executed.
21:55:07 INFO  : 'fpga -state' command is executed.
21:55:07 INFO  : Connected to target on host '127.0.0.1' and port '3121'.
21:55:08 INFO  : Jtag cable 'Digilent Cmod A7 - 35T 210328A4168CA' is selected.
21:55:08 INFO  : 'jtag frequency' command is executed.
21:55:08 INFO  : 'configparams mdm-detect-bscan-mask 2' command is executed.
21:55:08 INFO  : Context for processor 'microblaze_0' is selected.
21:55:08 INFO  : Processor reset is completed for 'microblaze_0'.
21:55:08 INFO  : Context for processor 'microblaze_0' is selected.
21:55:08 INFO  : The application 'C:/Users/kyle/Desktop/dev/main/rtl/verilog/microblaze_base/microblaze_base.sdk/microblaze_src/Debug/microblaze_src.elf' is downloaded to processor 'microblaze_0'.
21:55:08 INFO  : ----------------XSDB Script----------------
connect -url tcp:127.0.0.1:3121
configparams mdm-detect-bscan-mask 2
targets -set -nocase -filter {name =~ "microblaze*#0" && bscan=="USER2"  && jtag_cable_name =~ "Digilent Cmod A7 - 35T 210328A4168CA"} -index 0
rst -processor
targets -set -nocase -filter {name =~ "microblaze*#0" && bscan=="USER2"  && jtag_cable_name =~ "Digilent Cmod A7 - 35T 210328A4168CA"} -index 0
dow C:/Users/kyle/Desktop/dev/main/rtl/verilog/microblaze_base/microblaze_base.sdk/microblaze_src/Debug/microblaze_src.elf
----------------End of Script----------------

21:55:08 INFO  : Memory regions updated for context PA
21:55:08 INFO  : Memory regions updated for context MicroBlaze Debug Module at USER2
21:55:08 INFO  : Context for processor 'microblaze_0' is selected.
21:55:08 INFO  : 'con' command is executed.
21:55:08 INFO  : ----------------XSDB Script (After Launch)----------------
targets -set -nocase -filter {name =~ "microblaze*#0" && bscan=="USER2"  && jtag_cable_name =~ "Digilent Cmod A7 - 35T 210328A4168CA"} -index 0
con
----------------End of Script----------------

21:55:08 INFO  : Launch script is exported to file 'C:\Users\kyle\Desktop\dev\main\rtl\verilog\microblaze_base\microblaze_base.sdk\.sdk\launch_scripts\xilinx_c-c++_application_(system_debugger)\system_debugger_using_debug_microblaze_src.elf_on_local.tcl'
21:55:44 INFO  : Connected to target on host '127.0.0.1' and port '3121'.
21:55:44 INFO  : 'targets -set -filter {jtag_cable_name =~ "Digilent Cmod A7 - 35T 210328A4168CA" && level==0} -index 0' command is executed.
21:55:45 INFO  : FPGA configured successfully with bitstream "C:/Users/kyle/Desktop/dev/main/rtl/verilog/microblaze_base/microblaze_base.sdk/microblaze_wrapper_hw_platform_0/download.bit"
21:55:52 INFO  : Disconnected from the channel tcfchan#4.
21:55:53 INFO  : 'targets -set -filter {jtag_cable_name =~ "Digilent Cmod A7 - 35T 210328A4168CA" && level==0} -index 0' command is executed.
21:55:53 INFO  : 'fpga -state' command is executed.
21:55:53 INFO  : Connected to target on host '127.0.0.1' and port '3121'.
21:55:54 INFO  : Jtag cable 'Digilent Cmod A7 - 35T 210328A4168CA' is selected.
21:55:54 INFO  : 'jtag frequency' command is executed.
21:55:54 INFO  : 'configparams mdm-detect-bscan-mask 2' command is executed.
21:55:54 INFO  : Context for processor 'microblaze_0' is selected.
21:55:54 INFO  : Processor reset is completed for 'microblaze_0'.
21:55:54 INFO  : Context for processor 'microblaze_0' is selected.
21:55:54 INFO  : The application 'C:/Users/kyle/Desktop/dev/main/rtl/verilog/microblaze_base/microblaze_base.sdk/microblaze_src/Debug/microblaze_src.elf' is downloaded to processor 'microblaze_0'.
21:55:54 INFO  : ----------------XSDB Script----------------
connect -url tcp:127.0.0.1:3121
configparams mdm-detect-bscan-mask 2
targets -set -nocase -filter {name =~ "microblaze*#0" && bscan=="USER2"  && jtag_cable_name =~ "Digilent Cmod A7 - 35T 210328A4168CA"} -index 0
rst -processor
targets -set -nocase -filter {name =~ "microblaze*#0" && bscan=="USER2"  && jtag_cable_name =~ "Digilent Cmod A7 - 35T 210328A4168CA"} -index 0
dow C:/Users/kyle/Desktop/dev/main/rtl/verilog/microblaze_base/microblaze_base.sdk/microblaze_src/Debug/microblaze_src.elf
----------------End of Script----------------

21:55:54 INFO  : Memory regions updated for context PA
21:55:54 INFO  : Memory regions updated for context MicroBlaze Debug Module at USER2
21:55:54 INFO  : Context for processor 'microblaze_0' is selected.
21:55:54 INFO  : 'con' command is executed.
21:55:54 INFO  : ----------------XSDB Script (After Launch)----------------
targets -set -nocase -filter {name =~ "microblaze*#0" && bscan=="USER2"  && jtag_cable_name =~ "Digilent Cmod A7 - 35T 210328A4168CA"} -index 0
con
----------------End of Script----------------

21:55:54 INFO  : Launch script is exported to file 'C:\Users\kyle\Desktop\dev\main\rtl\verilog\microblaze_base\microblaze_base.sdk\.sdk\launch_scripts\xilinx_c-c++_application_(system_debugger)\system_debugger_using_debug_microblaze_src.elf_on_local.tcl'
21:57:50 INFO  : Connected to target on host '127.0.0.1' and port '3121'.
21:57:50 INFO  : 'targets -set -filter {jtag_cable_name =~ "Digilent Cmod A7 - 35T 210328A4168CA" && level==0} -index 0' command is executed.
21:57:51 INFO  : FPGA configured successfully with bitstream "C:/Users/kyle/Desktop/dev/main/rtl/verilog/microblaze_base/microblaze_base.sdk/microblaze_wrapper_hw_platform_0/download.bit"
21:57:59 INFO  : Disconnected from the channel tcfchan#5.
21:58:00 INFO  : 'targets -set -filter {jtag_cable_name =~ "Digilent Cmod A7 - 35T 210328A4168CA" && level==0} -index 0' command is executed.
21:58:00 INFO  : 'fpga -state' command is executed.
21:58:00 INFO  : Connected to target on host '127.0.0.1' and port '3121'.
21:58:01 INFO  : Jtag cable 'Digilent Cmod A7 - 35T 210328A4168CA' is selected.
21:58:01 INFO  : 'jtag frequency' command is executed.
21:58:01 INFO  : 'configparams mdm-detect-bscan-mask 2' command is executed.
21:58:01 INFO  : Context for processor 'microblaze_0' is selected.
21:58:01 INFO  : Processor reset is completed for 'microblaze_0'.
21:58:01 INFO  : Context for processor 'microblaze_0' is selected.
21:58:01 INFO  : The application 'C:/Users/kyle/Desktop/dev/main/rtl/verilog/microblaze_base/microblaze_base.sdk/microblaze_src/Debug/microblaze_src.elf' is downloaded to processor 'microblaze_0'.
21:58:01 INFO  : ----------------XSDB Script----------------
connect -url tcp:127.0.0.1:3121
configparams mdm-detect-bscan-mask 2
targets -set -nocase -filter {name =~ "microblaze*#0" && bscan=="USER2"  && jtag_cable_name =~ "Digilent Cmod A7 - 35T 210328A4168CA"} -index 0
rst -processor
targets -set -nocase -filter {name =~ "microblaze*#0" && bscan=="USER2"  && jtag_cable_name =~ "Digilent Cmod A7 - 35T 210328A4168CA"} -index 0
dow C:/Users/kyle/Desktop/dev/main/rtl/verilog/microblaze_base/microblaze_base.sdk/microblaze_src/Debug/microblaze_src.elf
----------------End of Script----------------

21:58:01 INFO  : Memory regions updated for context PA
21:58:01 INFO  : Memory regions updated for context MicroBlaze Debug Module at USER2
21:58:01 INFO  : Context for processor 'microblaze_0' is selected.
21:58:01 INFO  : 'con' command is executed.
21:58:01 INFO  : ----------------XSDB Script (After Launch)----------------
targets -set -nocase -filter {name =~ "microblaze*#0" && bscan=="USER2"  && jtag_cable_name =~ "Digilent Cmod A7 - 35T 210328A4168CA"} -index 0
con
----------------End of Script----------------

21:58:01 INFO  : Launch script is exported to file 'C:\Users\kyle\Desktop\dev\main\rtl\verilog\microblaze_base\microblaze_base.sdk\.sdk\launch_scripts\xilinx_c-c++_application_(system_debugger)\system_debugger_using_debug_microblaze_src.elf_on_local.tcl'
