Copyright 1986-2018 Xilinx, Inc. All Rights Reserved.
------------------------------------------------------------------------------------------------------
| Tool Version : Vivado v.2018.2 (win64) Build 2258646 Thu Jun 14 20:03:12 MDT 2018
| Date         : Tue Oct 16 23:26:35 2018
| Host         : KYLE-PC running 64-bit major release  (build 9200)
| Command      : report_control_sets -verbose -file microblaze_design_wrapper_control_sets_placed.rpt
| Design       : microblaze_design_wrapper
| Device       : xc7a35t
------------------------------------------------------------------------------------------------------

Control Set Information

Table of Contents
-----------------
1. Summary
2. Histogram
3. Flip-Flop Distribution
4. Detailed Control Set Information

1. Summary
----------

+----------------------------------------------------------+-------+
|                          Status                          | Count |
+----------------------------------------------------------+-------+
| Number of unique control sets                            |    51 |
| Unused register locations in slices containing registers |   114 |
+----------------------------------------------------------+-------+


2. Histogram
------------

+--------+--------------+
| Fanout | Control Sets |
+--------+--------------+
|      2 |            8 |
|      4 |            2 |
|      6 |            1 |
|      8 |            8 |
|     10 |            2 |
|     12 |            4 |
|    16+ |           26 |
+--------+--------------+


3. Flip-Flop Distribution
-------------------------

+--------------+-----------------------+------------------------+-----------------+--------------+
| Clock Enable | Synchronous Set/Reset | Asynchronous Set/Reset | Total Registers | Total Slices |
+--------------+-----------------------+------------------------+-----------------+--------------+
| No           | No                    | No                     |             348 |           68 |
| No           | No                    | Yes                    |              58 |            7 |
| No           | Yes                   | No                     |             430 |           85 |
| Yes          | No                    | No                     |             338 |           48 |
| Yes          | No                    | Yes                    |              30 |            8 |
| Yes          | Yes                   | No                     |             994 |          183 |
+--------------+-----------------------+------------------------+-----------------+--------------+


4. Detailed Control Set Information
-----------------------------------

+----------------------------------------------------------------------+---------------------------------------------------------------------------------------------------------------------------------------------------------------------------------------------------------------------+----------------------------------------------------------------------------------------------------------------------------------------------------------------+------------------+----------------+
|                             Clock Signal                             |                                                                                                    Enable Signal                                                                                                    |                                                                        Set/Reset Signal                                                                        | Slice Load Count | Bel Load Count |
+----------------------------------------------------------------------+---------------------------------------------------------------------------------------------------------------------------------------------------------------------------------------------------------------------+----------------------------------------------------------------------------------------------------------------------------------------------------------------+------------------+----------------+
|  microblaze_design_i/clk_wiz_0/inst/clk_out1                         |                                                                                                                                                                                                                     | microblaze_design_i/microblaze_0/U0/MicroBlaze_Core_I/Performance.Core/Use_Debug_Logic.Master_Core.Debug_Perf/capture_1                                        |                1 |              2 |
|  microblaze_design_i/mdm_1/U0/Use_E2.BSCAN_I/Ext_JTAG_UPDATE         | microblaze_design_i/microblaze_0/U0/MicroBlaze_Core_I/Performance.Core/Use_Debug_Logic.Master_Core.Debug_Perf/Control_Reg_En                                                                                        | microblaze_design_i/microblaze_0/U0/MicroBlaze_Core_I/Performance.Core/Use_Debug_Logic.Master_Core.Debug_Perf/Serial_Dbg_Intf.continue_from_brk_reg_n_0        |                1 |              2 |
| ~microblaze_design_i/mdm_1/U0/No_Dbg_Reg_Access.BUFG_DRCK/Dbg_Clk_31 | microblaze_design_i/mdm_1/U0/MDM_Core_I1/JTAG_CONTROL_I/Use_BSCAN.FDC_I/CE                                                                                                                                          | microblaze_design_i/mdm_1/U0/MDM_Core_I1/JTAG_CONTROL_I/Use_BSCAN.FDC_I/D_1                                                                                    |                1 |              2 |
|  microblaze_design_i/mdm_1/U0/No_Dbg_Reg_Access.BUFG_DRCK/Dbg_Clk_31 | microblaze_design_i/mdm_1/U0/Use_E2.BSCAN_I/Dbg_Capture_0                                                                                                                                                           | microblaze_design_i/mdm_1/U0/MDM_Core_I1/JTAG_CONTROL_I/sel_with_scan_reset19_out                                                                              |                1 |              2 |
| ~microblaze_design_i/mdm_1/U0/Use_E2.BSCAN_I/Ext_JTAG_UPDATE         |                                                                                                                                                                                                                     | microblaze_design_i/mdm_1/U0/MDM_Core_I1/JTAG_CONTROL_I/sel_n                                                                                                  |                1 |              2 |
|  microblaze_design_i/mdm_1/U0/Use_E2.BSCAN_I/Ext_JTAG_UPDATE         | microblaze_design_i/microblaze_0/U0/MicroBlaze_Core_I/Performance.Core/Use_Debug_Logic.Master_Core.Debug_Perf/Control_Reg_En                                                                                        | microblaze_design_i/microblaze_0/U0/MicroBlaze_Core_I/Performance.Core/Use_Debug_Logic.Master_Core.Debug_Perf/start_single_step_reg_n_0                        |                1 |              2 |
|  microblaze_design_i/mdm_1/U0/Use_E2.BSCAN_I/Ext_JTAG_UPDATE         | microblaze_design_i/microblaze_0/U0/MicroBlaze_Core_I/Performance.Core/Use_Debug_Logic.Master_Core.Debug_Perf/Control_Reg_En                                                                                        | microblaze_design_i/microblaze_0/U0/MicroBlaze_Core_I/Performance.Core/Use_Debug_Logic.Master_Core.Debug_Perf/Serial_Dbg_Intf.normal_stop_cmd_i_reg_n_0        |                1 |              2 |
|  microblaze_design_i/mdm_1/U0/Use_E2.BSCAN_I/Ext_JTAG_UPDATE         | microblaze_design_i/microblaze_0/U0/MicroBlaze_Core_I/Performance.Core/Use_Debug_Logic.Master_Core.Debug_Perf/Control_Reg_En                                                                                        | microblaze_design_i/microblaze_0/U0/MicroBlaze_Core_I/Performance.Core/Use_Debug_Logic.Master_Core.Debug_Perf/Performance_Debug_Control.force_stop_cmd_1_reg_0 |                1 |              2 |
|  microblaze_design_i/clk_wiz_0/inst/clk_out1                         | microblaze_design_i/microblaze_0/U0/MicroBlaze_Core_I/Performance.Core/Decode_I/Use_MuxCy[10].OF_Piperun_Stage/MUXCY_I/lopt_1                                                                                       |                                                                                                                                                                |                1 |              4 |
|  microblaze_design_i/mdm_1/U0/Use_E2.BSCAN_I/Ext_JTAG_UPDATE         | microblaze_design_i/microblaze_0/U0/MicroBlaze_Core_I/Performance.Core/Use_Debug_Logic.Master_Core.Debug_Perf/Serial_Dbg_Intf.command_reg[0]_i_1_n_0                                                                | microblaze_design_i/microblaze_0/U0/MicroBlaze_Core_I/Performance.Core/Use_Debug_Logic.Master_Core.Debug_Perf/command_reg_clear                                |                1 |              4 |
|  microblaze_design_i/mdm_1/U0/Use_E2.BSCAN_I/Ext_JTAG_UPDATE         |                                                                                                                                                                                                                     |                                                                                                                                                                |                1 |              6 |
|  microblaze_design_i/mdm_1/U0/No_Dbg_Reg_Access.BUFG_DRCK/Dbg_Clk_31 | microblaze_design_i/mdm_1/U0/MDM_Core_I1/p_3_out                                                                                                                                                                    | microblaze_design_i/mdm_1/U0/Use_E2.BSCAN_I/AR[0]                                                                                                              |                1 |              8 |
|  microblaze_design_i/mdm_1/U0/Use_E2.BSCAN_I/Ext_JTAG_UPDATE         | microblaze_design_i/microblaze_0/U0/MicroBlaze_Core_I/Performance.Core/Use_Debug_Logic.Master_Core.Debug_Perf/Control_Reg_En                                                                                        |                                                                                                                                                                |                3 |              8 |
|  microblaze_design_i/clk_wiz_0/inst/clk_out1                         |                                                                                                                                                                                                                     | microblaze_design_i/axi_gpio_0/U0/AXI_LITE_IPIF_I/I_SLAVE_ATTACHMENT/clear                                                                                     |                2 |              8 |
|  microblaze_design_i/clk_wiz_0/inst/clk_out1                         |                                                                                                                                                                                                                     | microblaze_design_i/axi_gpio_0/U0/AXI_LITE_IPIF_I/I_SLAVE_ATTACHMENT/I_DECODER/Not_Dual.ALLOUT0_ND.READ_REG_GEN[0].reg1_reg[30]                                |                1 |              8 |
|  microblaze_design_i/mdm_1/U0/Use_E2.BSCAN_I/Ext_JTAG_UPDATE         | microblaze_design_i/mdm_1/U0/MDM_Core_I1/MDM_SEL                                                                                                                                                                    | microblaze_design_i/mdm_1/U0/Use_E2.BSCAN_I/AR[0]                                                                                                              |                1 |              8 |
|  microblaze_design_i/clk_wiz_0/inst/clk_out1                         | microblaze_design_i/axi_gpio_0/U0/AXI_LITE_IPIF_I/I_SLAVE_ATTACHMENT/start2                                                                                                                                         | microblaze_design_i/axi_gpio_0/U0/AXI_LITE_IPIF_I/I_SLAVE_ATTACHMENT/I_DECODER/cs_ce_clr                                                                       |                1 |              8 |
|  microblaze_design_i/clk_wiz_0/inst/clk_out1                         | microblaze_design_i/axi_gpio_0/U0/AXI_LITE_IPIF_I/I_SLAVE_ATTACHMENT/bus2ip_addr_i[8]_i_1_n_0                                                                                                                       | microblaze_design_i/axi_gpio_0/U0/AXI_LITE_IPIF_I/I_SLAVE_ATTACHMENT/SR[0]                                                                                     |                1 |              8 |
| ~microblaze_design_i/mdm_1/U0/Use_E2.BSCAN_I/Ext_JTAG_UPDATE         |                                                                                                                                                                                                                     | microblaze_design_i/mdm_1/U0/Use_E2.BSCAN_I/AR[0]                                                                                                              |                1 |              8 |
|  microblaze_design_i/clk_wiz_0/inst/clk_out1                         |                                                                                                                                                                                                                     | microblaze_design_i/rst_clk_wiz_0_100M/U0/EXT_LPF/lpf_int                                                                                                      |                2 |             10 |
|  microblaze_design_i/clk_wiz_0/inst/clk_out1                         | microblaze_design_i/microblaze_0/U0/MicroBlaze_Core_I/Performance.Core/Decode_I/Performance_Debug_Control.dbg_hit_reg[0]                                                                                            | microblaze_design_i/microblaze_0/U0/MicroBlaze_Core_I/sync_reset                                                                                               |                2 |             10 |
|  microblaze_design_i/clk_wiz_0/inst/clk_out1                         | microblaze_design_i/rst_clk_wiz_0_100M/U0/SEQ/seq_cnt_en                                                                                                                                                            | microblaze_design_i/rst_clk_wiz_0_100M/U0/SEQ/SEQ_COUNTER/clear                                                                                                |                1 |             12 |
|  microblaze_design_i/mdm_1/U0/No_Dbg_Reg_Access.BUFG_DRCK/Dbg_Clk_31 | microblaze_design_i/mdm_1/U0/MDM_Core_I1/JTAG_CONTROL_I/Use_BSCAN.FDC_I/Use_Serial_Unified_Completion.sample_1_reg[10][0]                                                                                           |                                                                                                                                                                |                2 |             12 |
|  microblaze_design_i/mdm_1/U0/No_Dbg_Reg_Access.BUFG_DRCK/Dbg_Clk_31 | microblaze_design_i/mdm_1/U0/Use_E2.BSCAN_I/E[0]                                                                                                                                                                    |                                                                                                                                                                |                2 |             12 |
|  microblaze_design_i/mdm_1/U0/No_Dbg_Reg_Access.BUFG_DRCK/Dbg_Clk_31 | microblaze_design_i/mdm_1/U0/Use_E2.BSCAN_I/Use_Serial_Unified_Completion.count_reg[5][0]                                                                                                                           |                                                                                                                                                                |                2 |             12 |
|  microblaze_design_i/mdm_1/U0/No_Dbg_Reg_Access.BUFG_DRCK/Dbg_Clk_31 | microblaze_design_i/mdm_1/U0/MDM_Core_I1/JTAG_CONTROL_I/tdi_shifter0                                                                                                                                                |                                                                                                                                                                |                2 |             16 |
|  microblaze_design_i/mdm_1/U0/No_Dbg_Reg_Access.BUFG_DRCK/Dbg_Clk_31 | microblaze_design_i/microblaze_0/U0/MicroBlaze_Core_I/Performance.Core/Use_Debug_Logic.Master_Core.Debug_Perf/Using_PC_Breakpoints.All_PC_Brks[0].Serial_Interface_1.address_hit_I/Compare[0].SRLC16E_I/which_pc__0 |                                                                                                                                                                |                7 |             16 |
|  microblaze_design_i/mdm_1/U0/Use_E2.BSCAN_I/Ext_JTAG_UPDATE         | microblaze_design_i/mdm_1/U0/MDM_Core_I1/JTAG_CONTROL_I/Use_BSCAN.FDC_I/command_1_reg[7]_0[0]                                                                                                                       |                                                                                                                                                                |                3 |             16 |
| ~microblaze_design_i/mdm_1/U0/Use_E2.BSCAN_I/Ext_JTAG_UPDATE         | microblaze_design_i/mdm_1/U0/MDM_Core_I1/JTAG_CONTROL_I/Use_BSCAN.command[0]_i_1_n_0                                                                                                                                |                                                                                                                                                                |                2 |             16 |
|  microblaze_design_i/mdm_1/U0/No_Dbg_Reg_Access.BUFG_DRCK/Dbg_Clk_31 | microblaze_design_i/mdm_1/U0/MDM_Core_I1/JTAG_CONTROL_I/Use_BSCAN.FDC_I/E[0]                                                                                                                                        |                                                                                                                                                                |                4 |             20 |
|  microblaze_design_i/clk_wiz_0/inst/clk_out1                         | microblaze_design_i/microblaze_0/U0/MicroBlaze_Core_I/Performance.Core/Decode_I/PreFetch_Buffer_I1/OF_Valid_DFF/E[0]                                                                                                | microblaze_design_i/microblaze_0/U0/MicroBlaze_Core_I/sync_reset                                                                                               |                7 |             32 |
|  microblaze_design_i/clk_wiz_0/inst/clk_out1                         | microblaze_design_i/microblaze_0/U0/MicroBlaze_Core_I/Performance.Core/mem_databus_ready_sel_carry_or/MUXCY_I/lopt_4                                                                                                | microblaze_design_i/microblaze_0/U0/MicroBlaze_Core_I/sync_reset                                                                                               |                4 |             40 |
|  microblaze_design_i/clk_wiz_0/inst/clk_out1                         |                                                                                                                                                                                                                     | microblaze_design_i/axi_gpio_0/U0/AXI_LITE_IPIF_I/I_SLAVE_ATTACHMENT/SR[0]                                                                                     |                7 |             44 |
|  microblaze_design_i/mdm_1/U0/No_Dbg_Reg_Access.BUFG_DRCK/Dbg_Clk_31 |                                                                                                                                                                                                                     | microblaze_design_i/mdm_1/U0/Use_E2.BSCAN_I/shift_n_reset1_out                                                                                                 |                4 |             46 |
|  microblaze_design_i/clk_wiz_0/inst/clk_out1                         | microblaze_design_i/microblaze_0/U0/MicroBlaze_Core_I/Performance.Core/Decode_I/Use_MuxCy[2].OF_Piperun_Stage/MUXCY_I/lopt_1                                                                                        | microblaze_design_i/microblaze_0/U0/MicroBlaze_Core_I/sync_reset                                                                                               |               13 |             62 |
|  microblaze_design_i/clk_wiz_0/inst/clk_out1                         | microblaze_design_i/axi_gpio_0/U0/AXI_LITE_IPIF_I/I_SLAVE_ATTACHMENT/s_axi_rvalid                                                                                                                                   | microblaze_design_i/microblaze_0/U0/MicroBlaze_Core_I/sync_reset                                                                                               |               10 |             64 |
|  microblaze_design_i/clk_wiz_0/inst/clk_out1                         | microblaze_design_i/microblaze_0/U0/MicroBlaze_Core_I/Performance.Core/mem_databus_ready_sel_carry_or/MUXCY_I/lopt_4                                                                                                | microblaze_design_i/microblaze_0/U0/MicroBlaze_Core_I/Performance.Core/Decode_I/SR[0]                                                                          |               13 |             64 |
|  microblaze_design_i/mdm_1/U0/No_Dbg_Reg_Access.BUFG_DRCK/Dbg_Clk_31 | microblaze_design_i/microblaze_0/U0/MicroBlaze_Core_I/Performance.Core/Use_Debug_Logic.Master_Core.Debug_Perf/New_Dbg_Instr_TCK                                                                                     |                                                                                                                                                                |               10 |             64 |
|  microblaze_design_i/clk_wiz_0/inst/clk_out1                         | microblaze_design_i/microblaze_0/U0/MicroBlaze_Core_I/Performance.Core/mem_databus_ready_sel_carry_or/MUXCY_I/lopt_4                                                                                                |                                                                                                                                                                |                5 |             64 |
|  microblaze_design_i/clk_wiz_0/inst/clk_out1                         | microblaze_design_i/microblaze_0/U0/MicroBlaze_Core_I/Performance.Core/Use_Debug_Logic.Master_Core.Debug_Perf/data_rd_reg[0]_i_1_n_0                                                                                | microblaze_design_i/microblaze_0/U0/MicroBlaze_Core_I/sync_reset                                                                                               |               13 |             64 |
|  microblaze_design_i/clk_wiz_0/inst/clk_out1                         | microblaze_design_i/microblaze_0/U0/MicroBlaze_Core_I/Performance.Core/Decode_I/Use_MuxCy[3].OF_Piperun_Stage/MUXCY_I/E[0]                                                                                          | microblaze_design_i/microblaze_0/U0/MicroBlaze_Core_I/sync_reset                                                                                               |                5 |             64 |
|  microblaze_design_i/clk_wiz_0/inst/clk_out1                         |                                                                                                                                                                                                                     | microblaze_design_i/microblaze_0/U0/MicroBlaze_Core_I/Performance.Core/p_1_out                                                                                 |                7 |             64 |
|  microblaze_design_i/clk_wiz_0/inst/clk_out1                         | microblaze_design_i/microblaze_0/U0/MicroBlaze_Core_I/Performance.Core/Decode_I/Use_MuxCy[2].OF_Piperun_Stage/MUXCY_I/lopt_1                                                                                        | microblaze_design_i/microblaze_0/U0/MicroBlaze_Core_I/Performance.Core/Decode_I/R                                                                              |               14 |             64 |
|  microblaze_design_i/clk_wiz_0/inst/clk_out1                         | microblaze_design_i/microblaze_0/U0/MicroBlaze_Core_I/Performance.Core/Decode_I/jump_logic_I1/MUXCY_JUMP_CARRY6/if_pc_reg[0][0]                                                                                     | microblaze_design_i/microblaze_0/U0/MicroBlaze_Core_I/sync_reset                                                                                               |                8 |             64 |
|  microblaze_design_i/mdm_1/U0/No_Dbg_Reg_Access.BUFG_DRCK/Dbg_Clk_31 | microblaze_design_i/mdm_1/U0/Use_E2.BSCAN_I/Dbg_Capture_0                                                                                                                                                           |                                                                                                                                                                |               12 |             94 |
|  microblaze_design_i/clk_wiz_0/inst/clk_out1                         | microblaze_design_i/microblaze_0/U0/MicroBlaze_Core_I/Performance.Core/Use_Debug_Logic.Master_Core.Debug_Perf/IReady_0                                                                                              |                                                                                                                                                                |               10 |            150 |
|  microblaze_design_i/mdm_1/U0/No_Dbg_Reg_Access.BUFG_DRCK/Dbg_Clk_31 |                                                                                                                                                                                                                     |                                                                                                                                                                |               29 |            160 |
|  microblaze_design_i/clk_wiz_0/inst/clk_out1                         |                                                                                                                                                                                                                     |                                                                                                                                                                |               44 |            216 |
|  microblaze_design_i/clk_wiz_0/inst/clk_out1                         | microblaze_design_i/microblaze_0/U0/MicroBlaze_Core_I/Performance.Core/Decode_I/mb_halted_1_reg[31]                                                                                                                 |                                                                                                                                                                |               16 |            256 |
|  microblaze_design_i/clk_wiz_0/inst/clk_out1                         |                                                                                                                                                                                                                     | microblaze_design_i/microblaze_0/U0/MicroBlaze_Core_I/sync_reset                                                                                               |               66 |            296 |
|  microblaze_design_i/clk_wiz_0/inst/clk_out1                         | microblaze_design_i/microblaze_0/U0/MicroBlaze_Core_I/Performance.Core/Decode_I/Use_MuxCy[10].OF_Piperun_Stage/MUXCY_I/lopt_1                                                                                       | microblaze_design_i/microblaze_0/U0/MicroBlaze_Core_I/sync_reset                                                                                               |               90 |            436 |
+----------------------------------------------------------------------+---------------------------------------------------------------------------------------------------------------------------------------------------------------------------------------------------------------------+----------------------------------------------------------------------------------------------------------------------------------------------------------------+------------------+----------------+


