#! /usr/local/Cellar/icarus-verilog/10.2_1/bin/vvp
:ivl_version "10.2 (stable)" "(v10_2)";
:ivl_delay_selection "TYPICAL";
:vpi_time_precision + 0;
:vpi_module "system";
:vpi_module "vhdl_sys";
:vpi_module "v2005_math";
:vpi_module "va_math";
:vpi_module "v2009";
S_0x7ff328500040 .scope module, "test" "test" 2 3;
 .timescale 0 0;
v0x7ff328517190_0 .var/i "i", 31 0;
v0x7ff328517250_0 .var "in_a", 3 0;
v0x7ff3285172f0_0 .var "in_b", 3 0;
v0x7ff3285173c0_0 .net "out", 3 0, L_0x7ff328517720;  1 drivers
v0x7ff328517470_0 .var "simclk", 0 0;
E_0x7ff328506410 .event posedge, v0x7ff3285170b0_0;
S_0x7ff328507050 .scope module, "m" "main" 2 10, 3 1 0, S_0x7ff328500040;
 .timescale 0 0;
    .port_info 0 /INPUT 1 "sysclk"
    .port_info 1 /INPUT 4 "in_a"
    .port_info 2 /INPUT 4 "in_b"
    .port_info 3 /OUTPUT 4 "out"
v0x7ff328501470_0 .net *"_s1", 1 0, L_0x7ff328517540;  1 drivers
v0x7ff328516da0_0 .net *"_s3", 0 0, L_0x7ff328517640;  1 drivers
v0x7ff328516e50_0 .net "in_a", 3 0, v0x7ff328517250_0;  1 drivers
v0x7ff328516f10_0 .net "in_b", 3 0, v0x7ff3285172f0_0;  1 drivers
v0x7ff328516fc0_0 .net "out", 3 0, L_0x7ff328517720;  alias, 1 drivers
v0x7ff3285170b0_0 .net "sysclk", 0 0, v0x7ff328517470_0;  1 drivers
L_0x7ff328517540 .part v0x7ff328517250_0, 2, 2;
L_0x7ff328517640 .part v0x7ff3285172f0_0, 1, 1;
L_0x7ff328517720 .concat [ 1 1 2 0], v0x7ff328517470_0, L_0x7ff328517640, L_0x7ff328517540;
    .scope S_0x7ff328500040;
T_0 ;
    %pushi/vec4 0, 0, 1;
    %store/vec4 v0x7ff328517470_0, 0, 1;
    %pushi/vec4 0, 0, 4;
    %store/vec4 v0x7ff328517250_0, 0, 4;
    %pushi/vec4 0, 0, 4;
    %store/vec4 v0x7ff3285172f0_0, 0, 4;
    %pushi/vec4 0, 0, 32;
    %store/vec4 v0x7ff328517190_0, 0, 32;
    %end;
    .thread T_0, $init;
    .scope S_0x7ff328500040;
T_1 ;
    %delay 1, 0;
    %load/vec4 v0x7ff328517470_0;
    %inv;
    %assign/vec4 v0x7ff328517470_0, 0;
    %pushi/vec4 1000, 0, 32;
    %load/vec4 v0x7ff328517190_0;
    %dup/vec4;
    %pushi/vec4 1, 0, 32;
    %add;
    %store/vec4 v0x7ff328517190_0, 0, 32;
    %cmp/s;
    %flag_or 5, 4;
    %jmp/0xz  T_1.0, 5;
    %vpi_call/w 2 16 "$finish" {0 0 0};
T_1.0 ;
    %jmp T_1;
    .thread T_1;
    .scope S_0x7ff328500040;
T_2 ;
    %vpi_call/w 2 21 "$dumpfile", "dump.vcd" {0 0 0};
    %vpi_call/w 2 22 "$dumpvars", 32'sb00000000000000000000000000000000, S_0x7ff328507050 {0 0 0};
    %wait E_0x7ff328506410;
    %pushi/vec4 1, 0, 4;
    %store/vec4 v0x7ff328517250_0, 0, 4;
    %wait E_0x7ff328506410;
    %pushi/vec4 0, 0, 4;
    %store/vec4 v0x7ff328517250_0, 0, 4;
    %end;
    .thread T_2;
# The file index is used to find the file name in the following table.
:file_names 4;
    "N/A";
    "<interactive>";
    "test.sv";
    "main.sv";
