

Microchip Technology PIC18 LITE Macro Assembler V1.43 build -156212558 
                                                                                               Tue Apr  3 17:13:40 2018

Microchip Technology Omniscient Code Generator v1.43 (Free mode) build 201707250354
     1                           	processor	18F2550
     2                           	fnconf	rparam,??,?,0
     3                           	opt	pw 120
     4                           	opt	lm
     5                           	psect	cinit,global,reloc=2,class=CODE,delta=1
     6                           	psect	cstackCOMRAM,global,class=COMRAM,space=1,delta=1,noexec
     7                           	psect	text0,global,reloc=2,class=CODE,delta=1
     8                           	psect	text1,global,reloc=2,class=CODE,delta=1
     9                           	psect	text2,global,reloc=2,class=CODE,delta=1,inline
    10                           	psect	text3,global,reloc=2,class=CODE,delta=1,inline
    11                           	psect	text4,global,reloc=2,class=CODE,delta=1,inline
    12                           	psect	text5,global,reloc=2,class=CODE,delta=1,inline
    13                           	psect	intcodelo,global,reloc=2,class=CODE,delta=1
    14                           	psect	intsave_regs,global,class=BIGRAM,space=1,delta=1,noexec
    15                           	psect	rparam,global,class=COMRAM,space=1,delta=1,noexec
    16                           	psect	temp,global,ovrld,common,class=COMRAM,space=1,delta=1
    17  0000                     
    18                           ; Version 1.43
    19                           ; Generated 25/07/2017 GMT
    20                           ; 
    21                           ; Copyright © 2017, Microchip Technology Inc. and its subsidiaries ("Microchip")
    22                           ; All rights reserved.
    23                           ; 
    24                           ; This software is developed by Microchip Technology Inc. and its subsidiaries ("Microch
      +                          ip").
    25                           ; 
    26                           ; Redistribution and use in source and binary forms, with or without modification, are
    27                           ; permitted provided that the following conditions are met:
    28                           ; 
    29                           ;     1. Redistributions of source code must retain the above copyright notice, this lis
      +                          t of
    30                           ;        conditions and the following disclaimer.
    31                           ; 
    32                           ;     2. Redistributions in binary form must reproduce the above copyright notice, this 
      +                          list
    33                           ;        of conditions and the following disclaimer in the documentation and/or other
    34                           ;        materials provided with the distribution.
    35                           ; 
    36                           ;     3. Microchip's name may not be used to endorse or promote products derived from th
      +                          is
    37                           ;        software without specific prior written permission.
    38                           ; 
    39                           ; THIS SOFTWARE IS PROVIDED BY MICROCHIP "AS IS" AND ANY EXPRESS OR IMPLIED WARRANTIES,
    40                           ; INCLUDING, BUT NOT LIMITED TO, THE IMPLIED WARRANTIES OF MERCHANTABILITY AND FITNESS F
      +                          OR
    41                           ; PURPOSE ARE DISCLAIMED.  IN NO EVENT SHALL MICROCHIP BE LIABLE FOR ANY DIRECT, INDIREC
      +                          T,
    42                           ; INCIDENTAL, SPECIAL, EXEMPLARY, OR CONSEQUENTIAL DAMAGES (INCLUDING BUT NOT LIMITED TO
    43                           ; PROCUREMENT OF SUBSTITUTE GOODS OR SERVICES; LOSS OF USE, DATA OR PROFITS; OR BUSINESS
    44                           ; INTERRUPTION) HOWSOEVER CAUSED AND ON ANY THEORY OF LIABILITY, WHETHER IN CONTRACT, ST
      +                          RICT
    45                           ; LIABILITY, OR TORT (INCLUDING NEGLIGENCE OR OTHERWISE) ARISING IN ANY WAY OUT OF THE U
      +                          SE OF
    46                           ; THIS SOFTWARE, EVEN IF ADVISED OF THE POSSIBILITY OF SUCH DAMAGE.
    47                           ; 
    48                           ; 
    49                           ; Code-generator required, PIC18F2550 Definitions
    50                           ; 
    51                           ; SFR Addresses
    52  0000                     _TRISCbits	set	3988
    53  0000                     _TRISC	set	3988
    54  0000                     _TRISA	set	3986
    55  0000                     _PORTBbits	set	3969
    56  0000                     _TRISBbits	set	3987
    57  0000                     _PORTC	set	3970
    58  0000                     _PORTA	set	3968
    59  0000                     _RCREG	set	4014
    60  0000                     _PIR1bits	set	3998
    61  0000                     _TXREG	set	4013
    62  0000                     _TXSTAbits	set	4012
    63  0000                     _RCSTAbits	set	4011
    64  0000                     _SPBRG	set	4015
    65  0000                     _SPBRGH	set	4016
    66  0000                     _OSCCONbits	set	4051
    67  0000                     _ADCON1bits	set	4033
    68  0000                     _TMR0H	set	4055
    69  0000                     _TMR0L	set	4054
    70  0000                     _T0CONbits	set	4053
    71  0000                     _INTCON2bits	set	4081
    72  0000                     _INTCONbits	set	4082
    73  0000                     _TMR0IF	set	32658
    74                           
    75                           ; #config settings
    76  0000                     
    77                           	psect	cinit
    78  000152                     __pcinit:
    79                           	opt stack 0
    80  000152                     start_initialization:
    81                           	opt stack 0
    82  000152                     __initialization:
    83                           	opt stack 0
    84  000152                     end_of_initialization:
    85                           	opt stack 0
    86  000152                     __end_of__initialization:
    87                           	opt stack 0
    88  000152  901B               	bcf	int$flags,0,c	;clear compiler interrupt flag (level 1)
    89  000154  921B               	bcf	int$flags,1,c	;clear compiler interrupt flag (level 2)
    90  000156  0100               	movlb	0
    91  000158  EF66  F000         	goto	_main	;jump to C main() function
    92                           
    93                           	psect	cstackCOMRAM
    94  000001                     __pcstackCOMRAM:
    95                           	opt stack 0
    96  000001                     ??_timer0_isr:
    97                           
    98                           ; 1 bytes @ 0x0
    99  000001                     	ds	21
   100  000016                     uart_setup@val:
   101                           	opt stack 0
   102                           
   103                           ; 2 bytes @ 0x15
   104  000016                     	ds	2
   105  000018                     uart_setup@spbaud:
   106                           	opt stack 0
   107                           
   108                           ; 2 bytes @ 0x17
   109  000018                     	ds	2
   110  00001A                     ??_main:
   111                           
   112                           ; 1 bytes @ 0x19
   113  00001A                     	ds	1
   114                           
   115 ;;
   116 ;;Main: autosize = 0, tempsize = 1, incstack = 0, save=0
   117 ;;
   118 ;; *************** function _main *****************
   119 ;; Defined at:
   120 ;;		line 25 in file "main.c"
   121 ;; Parameters:    Size  Location     Type
   122 ;;		None
   123 ;; Auto vars:     Size  Location     Type
   124 ;;  buffer         10    0        unsigned char [10]
   125 ;; Return value:  Size  Location     Type
   126 ;;                  1    wreg      void 
   127 ;; Registers used:
   128 ;;		wreg, status,2, status,0, cstack
   129 ;; Tracked objects:
   130 ;;		On entry : 0/0
   131 ;;		On exit  : 0/0
   132 ;;		Unchanged: 0/0
   133 ;; Data sizes:     COMRAM   BANK0   BANK1   BANK2   BANK3   BANK4   BANK5   BANK6   BANK7
   134 ;;      Params:         0       0       0       0       0       0       0       0       0
   135 ;;      Locals:         0       0       0       0       0       0       0       0       0
   136 ;;      Temps:          1       0       0       0       0       0       0       0       0
   137 ;;      Totals:         1       0       0       0       0       0       0       0       0
   138 ;;Total ram usage:        1 bytes
   139 ;; Hardware stack levels required when called:    3
   140 ;; This function calls:
   141 ;;		_system_setup
   142 ;;		_uart_setup
   143 ;; This function is called by:
   144 ;;		Startup code after reset
   145 ;; This function uses a non-reentrant model
   146 ;;
   147                           
   148                           	psect	text0
   149  0000CC                     __ptext0:
   150                           	opt stack 0
   151  0000CC                     _main:
   152                           	opt stack 28
   153                           
   154                           ;main.c: 26: system_setup();
   155                           
   156                           ;incstack = 0
   157  0000CC  EC8C  F000         	call	_system_setup	;wreg free
   158                           
   159                           ;main.c: 27: uart_setup(9600);
   160  0000D0  0E25               	movlw	37
   161  0000D2  6E17               	movwf	uart_setup@val+1,c
   162  0000D4  0E80               	movlw	128
   163  0000D6  6E16               	movwf	uart_setup@val,c
   164  0000D8  EC7E  F000         	call	_uart_setup	;wreg free
   165                           
   166                           ;main.c: 29: char buffer[10];
   167                           ;main.c: 30: TRISBbits.TRISB0 = 0;
   168  0000DC  9093               	bcf	3987,0,c	;volatile
   169  0000DE  F000               	nop		;# 
   170  0000E0  F000               	nop		;# 
   171  0000E2                     
   172                           ;main.c: 37: PORTBbits.RB0 = ~PORTBbits.RB0;
   173  0000E2  A081               	btfss	3969,0,c	;volatile
   174  0000E4  D002               	goto	u50
   175  0000E6  0E01               	movlw	1
   176  0000E8  D001               	goto	u56
   177  0000EA                     u50:
   178  0000EA  0E00               	movlw	0
   179  0000EC                     u56:
   180  0000EC  0AFF               	xorlw	255
   181  0000EE  6E1A               	movwf	??_main& (0+255),c
   182  0000F0  5081               	movf	3969,w,c	;volatile
   183  0000F2  181A               	xorwf	??_main,w,c
   184  0000F4  0BFE               	andlw	-2
   185  0000F6  181A               	xorwf	??_main,w,c
   186  0000F8  6E81               	movwf	3969,c	;volatile
   187                           
   188                           ;main.c: 56: }
   189  0000FA  D7F3               	goto	l20
   190  0000FC                     __end_of_main:
   191                           	opt stack 0
   192                           
   193 ;; *************** function _uart_setup *****************
   194 ;; Defined at:
   195 ;;		line 3 in file "uart.c"
   196 ;; Parameters:    Size  Location     Type
   197 ;;  val             2   21[COMRAM] unsigned int 
   198 ;; Auto vars:     Size  Location     Type
   199 ;;  spbaud          2   23[COMRAM] unsigned int 
   200 ;; Return value:  Size  Location     Type
   201 ;;                  1    wreg      void 
   202 ;; Registers used:
   203 ;;		wreg, status,2
   204 ;; Tracked objects:
   205 ;;		On entry : 0/0
   206 ;;		On exit  : 0/0
   207 ;;		Unchanged: 0/0
   208 ;; Data sizes:     COMRAM   BANK0   BANK1   BANK2   BANK3   BANK4   BANK5   BANK6   BANK7
   209 ;;      Params:         2       0       0       0       0       0       0       0       0
   210 ;;      Locals:         2       0       0       0       0       0       0       0       0
   211 ;;      Temps:          0       0       0       0       0       0       0       0       0
   212 ;;      Totals:         4       0       0       0       0       0       0       0       0
   213 ;;Total ram usage:        4 bytes
   214 ;; Hardware stack levels used:    1
   215 ;; Hardware stack levels required when called:    1
   216 ;; This function calls:
   217 ;;		Nothing
   218 ;; This function is called by:
   219 ;;		_main
   220 ;; This function uses a non-reentrant model
   221 ;;
   222                           
   223                           	psect	text1
   224  0000FC                     __ptext1:
   225                           	opt stack 0
   226  0000FC                     _uart_setup:
   227                           	opt stack 29
   228                           
   229                           ;uart.c: 5: TRISCbits.TRISC7 = 1;
   230                           
   231                           ;incstack = 0
   232  0000FC  8E94               	bsf	3988,7,c	;volatile
   233                           
   234                           ;uart.c: 6: TRISCbits.TRISC6 = 1;
   235  0000FE  8C94               	bsf	3988,6,c	;volatile
   236                           
   237                           ;uart.c: 11: uint16_t spbaud = 12;
   238  000100  0E00               	movlw	0
   239  000102  6E19               	movwf	uart_setup@spbaud+1,c
   240  000104  0E0C               	movlw	12
   241  000106  6E18               	movwf	uart_setup@spbaud,c
   242                           
   243                           ;uart.c: 13: SPBRGH = spbaud >> 8;
   244  000108  5019               	movf	uart_setup@spbaud+1,w,c
   245  00010A  6EB0               	movwf	4016,c	;volatile
   246                           
   247                           ;uart.c: 14: SPBRG = spbaud & 0xFF;
   248  00010C  C018  FFAF         	movff	uart_setup@spbaud,4015	;volatile
   249                           
   250                           ;uart.c: 16: RCSTAbits.SPEN = 1;
   251  000110  8EAB               	bsf	4011,7,c	;volatile
   252                           
   253                           ;uart.c: 18: TXSTAbits.TXEN = 1;
   254  000112  8AAC               	bsf	4012,5,c	;volatile
   255                           
   256                           ;uart.c: 19: RCSTAbits.CREN = 1;
   257  000114  88AB               	bsf	4011,4,c	;volatile
   258  000116  0012               	return		;funcret
   259  000118                     __end_of_uart_setup:
   260                           	opt stack 0
   261                           
   262 ;; *************** function _system_setup *****************
   263 ;; Defined at:
   264 ;;		line 18 in file "setup.c"
   265 ;; Parameters:    Size  Location     Type
   266 ;;		None
   267 ;; Auto vars:     Size  Location     Type
   268 ;;		None
   269 ;; Return value:  Size  Location     Type
   270 ;;                  1    wreg      void 
   271 ;; Registers used:
   272 ;;		wreg, status,2, cstack
   273 ;; Tracked objects:
   274 ;;		On entry : 0/0
   275 ;;		On exit  : 0/0
   276 ;;		Unchanged: 0/0
   277 ;; Data sizes:     COMRAM   BANK0   BANK1   BANK2   BANK3   BANK4   BANK5   BANK6   BANK7
   278 ;;      Params:         0       0       0       0       0       0       0       0       0
   279 ;;      Locals:         0       0       0       0       0       0       0       0       0
   280 ;;      Temps:          0       0       0       0       0       0       0       0       0
   281 ;;      Totals:         0       0       0       0       0       0       0       0       0
   282 ;;Total ram usage:        0 bytes
   283 ;; Hardware stack levels used:    1
   284 ;; Hardware stack levels required when called:    2
   285 ;; This function calls:
   286 ;;		_interrupt_setup
   287 ;;		_io_setup
   288 ;;		_timer0_setup
   289 ;; This function is called by:
   290 ;;		_main
   291 ;; This function uses a non-reentrant model
   292 ;;
   293                           
   294                           	psect	text2
   295  000118                     __ptext2:
   296                           	opt stack 0
   297  000118                     _system_setup:
   298                           	opt stack 28
   299                           
   300                           ;setup.c: 20: OSCCONbits.IRCF = 0b111;
   301                           
   302                           ;incstack = 0
   303  000118  88D3               	bsf	4051,4,c	;volatile
   304  00011A  8AD3               	bsf	4051,5,c	;volatile
   305  00011C  8CD3               	bsf	4051,6,c	;volatile
   306                           
   307                           ;setup.c: 21: OSCCONbits.SCS = 0b11;
   308  00011E  0E03               	movlw	3
   309  000120  12D3               	iorwf	4051,f,c	;volatile
   310                           
   311                           ;setup.c: 26: io_setup();
   312  000122  EC98  F000         	call	_io_setup	;wreg free
   313                           
   314                           ;setup.c: 27: timer0_setup();
   315  000126  ECA1  F000         	call	_timer0_setup	;wreg free
   316                           
   317                           ;setup.c: 29: interrupt_setup();
   318  00012A  ECAE  F000         	call	_interrupt_setup	;wreg free
   319  00012E  0012               	return		;funcret
   320  000130                     __end_of_system_setup:
   321                           	opt stack 0
   322                           
   323 ;; *************** function _timer0_setup *****************
   324 ;; Defined at:
   325 ;;		line 3 in file "timer.c"
   326 ;; Parameters:    Size  Location     Type
   327 ;;		None
   328 ;; Auto vars:     Size  Location     Type
   329 ;;		None
   330 ;; Return value:  Size  Location     Type
   331 ;;                  1    wreg      void 
   332 ;; Registers used:
   333 ;;		None
   334 ;; Tracked objects:
   335 ;;		On entry : 0/0
   336 ;;		On exit  : 0/0
   337 ;;		Unchanged: 0/0
   338 ;; Data sizes:     COMRAM   BANK0   BANK1   BANK2   BANK3   BANK4   BANK5   BANK6   BANK7
   339 ;;      Params:         0       0       0       0       0       0       0       0       0
   340 ;;      Locals:         0       0       0       0       0       0       0       0       0
   341 ;;      Temps:          0       0       0       0       0       0       0       0       0
   342 ;;      Totals:         0       0       0       0       0       0       0       0       0
   343 ;;Total ram usage:        0 bytes
   344 ;; Hardware stack levels used:    1
   345 ;; Hardware stack levels required when called:    1
   346 ;; This function calls:
   347 ;;		Nothing
   348 ;; This function is called by:
   349 ;;		_system_setup
   350 ;; This function uses a non-reentrant model
   351 ;;
   352                           
   353                           	psect	text3
   354  000142                     __ptext3:
   355                           	opt stack 0
   356  000142                     _timer0_setup:
   357                           	opt stack 28
   358                           
   359                           ;timer.c: 4: T0CONbits.TMR0ON = 0;
   360                           
   361                           ;incstack = 0
   362  000142  9ED5               	bcf	4053,7,c	;volatile
   363                           
   364                           ;timer.c: 5: T0CONbits.T0CS = 0;
   365  000144  9AD5               	bcf	4053,5,c	;volatile
   366                           
   367                           ;timer.c: 6: T0CONbits.T08BIT = 0;
   368  000146  9CD5               	bcf	4053,6,c	;volatile
   369                           
   370                           ;timer.c: 8: T0CONbits.PSA = 0;
   371  000148  96D5               	bcf	4053,3,c	;volatile
   372                           
   373                           ;timer.c: 12: INTCONbits.T0IE = 1;
   374  00014A  8AF2               	bsf	intcon,5,c	;volatile
   375                           
   376                           ;timer.c: 13: INTCONbits.T0IF = 0;
   377  00014C  94F2               	bcf	intcon,2,c	;volatile
   378                           
   379                           ;timer.c: 14: INTCON2bits.T0IP = 0;
   380  00014E  94F1               	bcf	intcon2,2,c	;volatile
   381  000150  0012               	return		;funcret
   382  000152                     __end_of_timer0_setup:
   383                           	opt stack 0
   384                           intcon	equ	0xFF2
   385                           intcon2	equ	0xFF1
   386                           
   387 ;; *************** function _io_setup *****************
   388 ;; Defined at:
   389 ;;		line 5 in file "setup.c"
   390 ;; Parameters:    Size  Location     Type
   391 ;;		None
   392 ;; Auto vars:     Size  Location     Type
   393 ;;		None
   394 ;; Return value:  Size  Location     Type
   395 ;;                  1    wreg      void 
   396 ;; Registers used:
   397 ;;		wreg, status,2
   398 ;; Tracked objects:
   399 ;;		On entry : 0/0
   400 ;;		On exit  : 0/0
   401 ;;		Unchanged: 0/0
   402 ;; Data sizes:     COMRAM   BANK0   BANK1   BANK2   BANK3   BANK4   BANK5   BANK6   BANK7
   403 ;;      Params:         0       0       0       0       0       0       0       0       0
   404 ;;      Locals:         0       0       0       0       0       0       0       0       0
   405 ;;      Temps:          0       0       0       0       0       0       0       0       0
   406 ;;      Totals:         0       0       0       0       0       0       0       0       0
   407 ;;Total ram usage:        0 bytes
   408 ;; Hardware stack levels used:    1
   409 ;; Hardware stack levels required when called:    1
   410 ;; This function calls:
   411 ;;		Nothing
   412 ;; This function is called by:
   413 ;;		_system_setup
   414 ;; This function uses a non-reentrant model
   415 ;;
   416                           
   417                           	psect	text4
   418  000130                     __ptext4:
   419                           	opt stack 0
   420  000130                     _io_setup:
   421                           	opt stack 28
   422                           
   423                           ;setup.c: 6: ADCON1bits.PCFG = 0b1111;
   424                           
   425                           ;incstack = 0
   426  000130  80C1               	bsf	4033,0,c	;volatile
   427  000132  82C1               	bsf	4033,1,c	;volatile
   428  000134  84C1               	bsf	4033,2,c	;volatile
   429  000136  86C1               	bsf	4033,3,c	;volatile
   430                           
   431                           ;setup.c: 7: TRISA = 0x7F;
   432  000138  0E7F               	movlw	127
   433  00013A  6E92               	movwf	3986,c	;volatile
   434                           
   435                           ;setup.c: 8: TRISC = 0x03;
   436  00013C  0E03               	movlw	3
   437  00013E  6E94               	movwf	3988,c	;volatile
   438  000140  0012               	return		;funcret
   439  000142                     __end_of_io_setup:
   440                           	opt stack 0
   441                           intcon	equ	0xFF2
   442                           intcon2	equ	0xFF1
   443                           
   444 ;; *************** function _interrupt_setup *****************
   445 ;; Defined at:
   446 ;;		line 13 in file "setup.c"
   447 ;; Parameters:    Size  Location     Type
   448 ;;		None
   449 ;; Auto vars:     Size  Location     Type
   450 ;;		None
   451 ;; Return value:  Size  Location     Type
   452 ;;                  1    wreg      void 
   453 ;; Registers used:
   454 ;;		None
   455 ;; Tracked objects:
   456 ;;		On entry : 0/0
   457 ;;		On exit  : 0/0
   458 ;;		Unchanged: 0/0
   459 ;; Data sizes:     COMRAM   BANK0   BANK1   BANK2   BANK3   BANK4   BANK5   BANK6   BANK7
   460 ;;      Params:         0       0       0       0       0       0       0       0       0
   461 ;;      Locals:         0       0       0       0       0       0       0       0       0
   462 ;;      Temps:          0       0       0       0       0       0       0       0       0
   463 ;;      Totals:         0       0       0       0       0       0       0       0       0
   464 ;;Total ram usage:        0 bytes
   465 ;; Hardware stack levels used:    1
   466 ;; Hardware stack levels required when called:    1
   467 ;; This function calls:
   468 ;;		Nothing
   469 ;; This function is called by:
   470 ;;		_system_setup
   471 ;; This function uses a non-reentrant model
   472 ;;
   473                           
   474                           	psect	text5
   475  00015C                     __ptext5:
   476                           	opt stack 0
   477  00015C                     _interrupt_setup:
   478                           	opt stack 28
   479                           
   480                           ;setup.c: 14: INTCONbits.GIE = 1;
   481                           
   482                           ;incstack = 0
   483  00015C  8EF2               	bsf	intcon,7,c	;volatile
   484                           
   485                           ;setup.c: 15: INTCONbits.PEIE = 1;
   486  00015E  8CF2               	bsf	intcon,6,c	;volatile
   487  000160  0012               	return		;funcret
   488  000162                     __end_of_interrupt_setup:
   489                           	opt stack 0
   490                           intcon	equ	0xFF2
   491                           intcon2	equ	0xFF1
   492                           
   493 ;; *************** function _timer0_isr *****************
   494 ;; Defined at:
   495 ;;		line 30 in file "timer.c"
   496 ;; Parameters:    Size  Location     Type
   497 ;;		None
   498 ;; Auto vars:     Size  Location     Type
   499 ;;		None
   500 ;; Return value:  Size  Location     Type
   501 ;;                  1    wreg      void 
   502 ;; Registers used:
   503 ;;		None
   504 ;; Tracked objects:
   505 ;;		On entry : 0/0
   506 ;;		On exit  : 0/0
   507 ;;		Unchanged: 0/0
   508 ;; Data sizes:     COMRAM   BANK0   BANK1   BANK2   BANK3   BANK4   BANK5   BANK6   BANK7
   509 ;;      Params:         0       0       0       0       0       0       0       0       0
   510 ;;      Locals:         0       0       0       0       0       0       0       0       0
   511 ;;      Temps:         21       0       0       0       0       0       0       0       0
   512 ;;      Totals:        21       0       0       0       0       0       0       0       0
   513 ;;Total ram usage:       21 bytes
   514 ;; Hardware stack levels used:    1
   515 ;; This function calls:
   516 ;;		Nothing
   517 ;; This function is called by:
   518 ;;		Interrupt level 1
   519 ;; This function uses a non-reentrant model
   520 ;;
   521                           
   522                           	psect	intcodelo
   523  000018                     __pintcodelo:
   524                           	opt stack 0
   525  000018                     _timer0_isr:
   526                           	opt stack 28
   527                           
   528                           ;incstack = 0
   529  000018  801B               	bsf	btemp,0,c	;set compiler interrupt flag (level 1)
   530  00001A  CFD8 F001          	movff	status,??_timer0_isr
   531  00001E  CFE8 F002          	movff	wreg,??_timer0_isr+1
   532  000022  CFE0 F003          	movff	bsr,??_timer0_isr+2
   533  000026  CFFA F004          	movff	pclath,??_timer0_isr+3
   534  00002A  CFFB F005          	movff	pclatu,??_timer0_isr+4
   535  00002E  CFE9 F006          	movff	fsr0l,??_timer0_isr+5
   536  000032  CFEA F007          	movff	fsr0h,??_timer0_isr+6
   537  000036  CFE1 F008          	movff	fsr1l,??_timer0_isr+7
   538  00003A  CFE2 F009          	movff	fsr1h,??_timer0_isr+8
   539  00003E  CFD9 F00A          	movff	fsr2l,??_timer0_isr+9
   540  000042  CFDA F00B          	movff	fsr2h,??_timer0_isr+10
   541  000046  CFF3 F00C          	movff	prodl,??_timer0_isr+11
   542  00004A  CFF4 F00D          	movff	prodh,??_timer0_isr+12
   543  00004E  CFF6 F00E          	movff	tblptrl,??_timer0_isr+13
   544  000052  CFF7 F00F          	movff	tblptrh,??_timer0_isr+14
   545  000056  CFF8 F010          	movff	tblptru,??_timer0_isr+15
   546  00005A  CFF5 F011          	movff	tablat,??_timer0_isr+16
   547  00005E  C01B  F012         	movff	btemp,??_timer0_isr+17
   548  000062  C01C  F013         	movff	btemp+1,??_timer0_isr+18
   549  000066  C01D  F014         	movff	btemp+2,??_timer0_isr+19
   550  00006A  C01E  F015         	movff	btemp+3,??_timer0_isr+20
   551                           
   552                           ;timer.c: 31: TMR0IF = 0;
   553  00006E  94F2               	bcf	intcon,2,c	;volatile
   554  000070  C015  F01E         	movff	??_timer0_isr+20,btemp+3
   555  000074  C014  F01D         	movff	??_timer0_isr+19,btemp+2
   556  000078  C013  F01C         	movff	??_timer0_isr+18,btemp+1
   557  00007C  C012  F01B         	movff	??_timer0_isr+17,btemp
   558  000080  C011  FFF5         	movff	??_timer0_isr+16,tablat
   559  000084  C010  FFF8         	movff	??_timer0_isr+15,tblptru
   560  000088  C00F  FFF7         	movff	??_timer0_isr+14,tblptrh
   561  00008C  C00E  FFF6         	movff	??_timer0_isr+13,tblptrl
   562  000090  C00D  FFF4         	movff	??_timer0_isr+12,prodh
   563  000094  C00C  FFF3         	movff	??_timer0_isr+11,prodl
   564  000098  C00B  FFDA         	movff	??_timer0_isr+10,fsr2h
   565  00009C  C00A  FFD9         	movff	??_timer0_isr+9,fsr2l
   566  0000A0  C009  FFE2         	movff	??_timer0_isr+8,fsr1h
   567  0000A4  C008  FFE1         	movff	??_timer0_isr+7,fsr1l
   568  0000A8  C007  FFEA         	movff	??_timer0_isr+6,fsr0h
   569  0000AC  C006  FFE9         	movff	??_timer0_isr+5,fsr0l
   570  0000B0  C005  FFFB         	movff	??_timer0_isr+4,pclatu
   571  0000B4  C004  FFFA         	movff	??_timer0_isr+3,pclath
   572  0000B8  C003  FFE0         	movff	??_timer0_isr+2,bsr
   573  0000BC  C002  FFE8         	movff	??_timer0_isr+1,wreg
   574  0000C0  C001  FFD8         	movff	??_timer0_isr,status
   575  0000C4  901B               	bcf	btemp,0,c	;clear compiler interrupt flag (level 1)
   576  0000C6  0010               	retfie	
   577  0000C8                     __end_of_timer0_isr:
   578                           	opt stack 0
   579  0000                     pclatu	equ	0xFFB
   580                           pclath	equ	0xFFA
   581                           tblptru	equ	0xFF8
   582                           tblptrh	equ	0xFF7
   583                           tblptrl	equ	0xFF6
   584                           tablat	equ	0xFF5
   585                           prodh	equ	0xFF4
   586                           prodl	equ	0xFF3
   587                           intcon	equ	0xFF2
   588                           intcon2	equ	0xFF1
   589                           fsr0h	equ	0xFEA
   590                           fsr0l	equ	0xFE9
   591                           wreg	equ	0xFE8
   592                           fsr1h	equ	0xFE2
   593                           fsr1l	equ	0xFE1
   594                           bsr	equ	0xFE0
   595                           fsr2h	equ	0xFDA
   596                           fsr2l	equ	0xFD9
   597                           status	equ	0xFD8
   598                           pclatu	equ	0xFFB
   599                           pclath	equ	0xFFA
   600                           tblptru	equ	0xFF8
   601                           tblptrh	equ	0xFF7
   602                           tblptrl	equ	0xFF6
   603                           tablat	equ	0xFF5
   604                           prodh	equ	0xFF4
   605                           prodl	equ	0xFF3
   606                           intcon	equ	0xFF2
   607                           intcon2	equ	0xFF1
   608                           fsr0h	equ	0xFEA
   609                           fsr0l	equ	0xFE9
   610                           wreg	equ	0xFE8
   611                           fsr1h	equ	0xFE2
   612                           fsr1l	equ	0xFE1
   613                           bsr	equ	0xFE0
   614                           fsr2h	equ	0xFDA
   615                           fsr2l	equ	0xFD9
   616                           status	equ	0xFD8
   617                           
   618                           	psect	rparam
   619  0000                     pclatu	equ	0xFFB
   620                           pclath	equ	0xFFA
   621                           tblptru	equ	0xFF8
   622                           tblptrh	equ	0xFF7
   623                           tblptrl	equ	0xFF6
   624                           tablat	equ	0xFF5
   625                           prodh	equ	0xFF4
   626                           prodl	equ	0xFF3
   627                           intcon	equ	0xFF2
   628                           intcon2	equ	0xFF1
   629                           fsr0h	equ	0xFEA
   630                           fsr0l	equ	0xFE9
   631                           wreg	equ	0xFE8
   632                           fsr1h	equ	0xFE2
   633                           fsr1l	equ	0xFE1
   634                           bsr	equ	0xFE0
   635                           fsr2h	equ	0xFDA
   636                           fsr2l	equ	0xFD9
   637                           status	equ	0xFD8
   638                           
   639                           	psect	temp
   640  00001B                     btemp:
   641                           	opt stack 0
   642  00001B                     	ds	1
   643  0000                     int$flags	set	btemp
   644  0000                     wtemp6	set	btemp+1
   645                           pclatu	equ	0xFFB
   646                           pclath	equ	0xFFA
   647                           tblptru	equ	0xFF8
   648                           tblptrh	equ	0xFF7
   649                           tblptrl	equ	0xFF6
   650                           tablat	equ	0xFF5
   651                           prodh	equ	0xFF4
   652                           prodl	equ	0xFF3
   653                           intcon	equ	0xFF2
   654                           intcon2	equ	0xFF1
   655                           fsr0h	equ	0xFEA
   656                           fsr0l	equ	0xFE9
   657                           wreg	equ	0xFE8
   658                           fsr1h	equ	0xFE2
   659                           fsr1l	equ	0xFE1
   660                           bsr	equ	0xFE0
   661                           fsr2h	equ	0xFDA
   662                           fsr2l	equ	0xFD9
   663                           status	equ	0xFD8


Data Sizes:
    Strings     0
    Constant    0
    Data        0
    BSS         0
    Persistent  0
    Stack       0

Auto Spaces:
    Space          Size  Autos    Used
    COMRAM           94     26      26
    BANK0           160      0       0
    BANK1           256      0       0
    BANK2           256      0       0
    BANK3           239      0       0
    BANK4           256      0       0
    BANK5           256      0       0
    BANK6           256      0       0
    BANK7           256      0       0

Pointer List with Targets:

    None.

Critical Paths under _main in COMRAM

    _main->_uart_setup

Critical Paths under _timer0_isr in COMRAM

    None.

Critical Paths under _main in BANK0

    None.

Critical Paths under _timer0_isr in BANK0

    None.

Critical Paths under _main in BANK1

    None.

Critical Paths under _timer0_isr in BANK1

    None.

Critical Paths under _main in BANK2

    None.

Critical Paths under _timer0_isr in BANK2

    None.

Critical Paths under _main in BANK3

    None.

Critical Paths under _timer0_isr in BANK3

    None.

Critical Paths under _main in BANK4

    None.

Critical Paths under _timer0_isr in BANK4

    None.

Critical Paths under _main in BANK5

    None.

Critical Paths under _timer0_isr in BANK5

    None.

Critical Paths under _main in BANK6

    None.

Critical Paths under _timer0_isr in BANK6

    None.

Critical Paths under _main in BANK7

    None.

Critical Paths under _timer0_isr in BANK7

    None.

Call Graph Tables:

 ---------------------------------------------------------------------------------
 (Depth) Function   	        Calls       Base Space   Used Autos Params    Refs
 ---------------------------------------------------------------------------------
 (0) _main                                                11    11      0     121
                                             25 COMRAM     1     1      0
                       _system_setup
                         _uart_setup
 ---------------------------------------------------------------------------------
 (1) _uart_setup                                           4     2      2     121
                                             21 COMRAM     4     2      2
 ---------------------------------------------------------------------------------
 (1) _system_setup                                         0     0      0       0
                    _interrupt_setup
                           _io_setup
                       _timer0_setup
 ---------------------------------------------------------------------------------
 (2) _timer0_setup                                         0     0      0       0
 ---------------------------------------------------------------------------------
 (2) _io_setup                                             0     0      0       0
 ---------------------------------------------------------------------------------
 (2) _interrupt_setup                                      0     0      0       0
 ---------------------------------------------------------------------------------
 Estimated maximum stack depth 2
 ---------------------------------------------------------------------------------
 (Depth) Function   	        Calls       Base Space   Used Autos Params    Refs
 ---------------------------------------------------------------------------------
 (3) _timer0_isr                                          21    21      0       0
                                              0 COMRAM    21    21      0
 ---------------------------------------------------------------------------------
 Estimated maximum stack depth 3
 ---------------------------------------------------------------------------------

 Call Graph Graphs:

 _main (ROOT)
   _system_setup
     _interrupt_setup
     _io_setup
     _timer0_setup
   _uart_setup

 _timer0_isr (ROOT)

 Address spaces:
Name               Size   Autos  Total    Cost      Usage
BITCOMRAM           5E      0       0       0        0.0%
EEDATA             100      0       0       0        0.0%
NULL                 0      0       0       0        0.0%
CODE                 0      0       0       0        0.0%
COMRAM              5E     1A      1A       1       27.7%
STACK                0      0       0       2        0.0%
DATA                 0      0       0       3        0.0%
BITBANK0            A0      0       0       4        0.0%
BANK0               A0      0       0       5        0.0%
BITBANK1           100      0       0       6        0.0%
BANK1              100      0       0       7        0.0%
BITBANK2           100      0       0       8        0.0%
BANK2              100      0       0       9        0.0%
BANK3               EF      0       0      10        0.0%
ABS                  0      0       0      11        0.0%
BITBANK3            EF      0       0      12        0.0%
BITBANK4           100      0       0      13        0.0%
BANK4              100      0       0      14        0.0%
BITBANK5           100      0       0      15        0.0%
BANK5              100      0       0      16        0.0%
BITBANK6           100      0       0      17        0.0%
BANK6              100      0       0      18        0.0%
BITBANK7           100      0       0      19        0.0%
BANK7              100      0       0      20        0.0%
BIGRAM_1           400      0       0      21        0.0%
BIGRAM             3EE      0       0      22        0.0%
BITSFR_5             0      0       0     200        0.0%
SFR_5                0      0       0     200        0.0%
BITSFR_4             0      0       0     200        0.0%
SFR_4                0      0       0     200        0.0%
BITSFR_3             0      0       0     200        0.0%
SFR_3                0      0       0     200        0.0%
BITSFR_2             0      0       0     200        0.0%
SFR_2                0      0       0     200        0.0%
BITSFR_1             0      0       0     200        0.0%
SFR_1                0      0       0     200        0.0%
BITSFR               0      0       0     200        0.0%
SFR                  0      0       0     200        0.0%


Microchip Technology PIC18 Macro Assembler V1.43 build -156212558 
Symbol Table                                                                                   Tue Apr  3 17:13:40 2018

                      l20 00E2                        u50 00EA                        u56 00EC  
                      bsr 000FE0               __CFG_BORV$2 000000              __CFG_CP0$OFF 000000  
            __CFG_CP1$OFF 000000              __CFG_CP2$OFF 000000              __CFG_CP3$OFF 000000  
             __CFG_LVP$ON 000000              __CFG_CPB$OFF 000000              __CFG_CPD$OFF 000000  
            __CFG_BOR$OFF 000000                       wreg 000FE8      __end_of_system_setup 0130  
            __CFG_WDT$OFF 000000   __end_of_interrupt_setup 0162                      _main 00CC  
                    fsr0h 000FEA                      fsr1h 000FE2                      fsr2h 000FDA  
                    fsr0l 000FE9                      fsr1l 000FE1                      fsr2l 000FD9  
                    btemp 001B                      prodh 000FF4                      prodl 000FF3  
                    start 00C8             __CFG_IESO$OFF 000000             __CFG_MCLRE$ON 000000  
            ___param_bank 000000             __CFG_PLLDIV$1 000000            __CFG_CCP2MX$ON 000000  
                   ?_main 0001                     _RCREG 000FAE                     _TMR0H 000FD7  
                   _TMR0L 000FD6                     _SPBRG 000FAF                     _PORTA 000F80  
                   _PORTC 000F82             __CFG_USBDIV$1 000000                     _TRISA 000F92  
                   _TRISC 000F94                     _TXREG 000FAD             __CFG_PWRT$OFF 000000  
           __CFG_WRT0$OFF 000000             __CFG_WRT1$OFF 000000             __CFG_WRT2$OFF 000000  
           __CFG_WRT3$OFF 000000            __CFG_EBTR0$OFF 000000            __CFG_FCMEN$OFF 000000  
          __CFG_EBTR1$OFF 000000            __CFG_EBTR2$OFF 000000            __CFG_EBTR3$OFF 000000  
           __CFG_WRTB$OFF 000000             __CFG_WRTC$OFF 000000             __CFG_WRTD$OFF 000000  
          __CFG_EBTRB$OFF 000000                     pclath 000FFA                     tablat 000FF5  
                   status 000FD8                     wtemp6 001C           __initialization 0152  
            __end_of_main 00FC                    ??_main 001A             __activetblptr 000000  
        ?_interrupt_setup 0001                    _TMR0IF 007F92                    _SPBRGH 000FB0  
          __CFG_XINST$OFF 000000            __CFG_STVREN$ON 000000          __end_of_io_setup 0142  
   __size_of_system_setup 0018                    tblptrh 000FF7                    tblptrl 000FF6  
                  tblptru 000FF8                __accesstop 0060   __end_of__initialization 0152  
         __CFG_PBADEN$OFF 000000             ___rparam_used 000001            __pcstackCOMRAM 0001  
            _system_setup 0118           __CFG_VREGEN$OFF 000000                 ?_io_setup 0001  
                 __Hparam 0000                   __Lparam 0000                   __pcinit 0152  
                 __ramtop 0800                   __ptext0 00CC                   __ptext1 00FC  
                 __ptext2 0118                   __ptext3 0142                   __ptext4 0130  
                 __ptext5 015C             ?_timer0_setup 0001                 _T0CONbits 000FD5  
    end_of_initialization 0152                ??_io_setup 0016                 _RCSTAbits 000FAB  
              _timer0_isr 0018                _uart_setup 00FC            ??_timer0_setup 0016  
               _PORTBbits 000F81                 _TRISBbits 000F93                 _TRISCbits 000F94  
               _TXSTAbits 000FAC  __size_of_interrupt_setup 0006       start_initialization 0152  
             ?_timer0_isr 0001          __CFG_LPT1OSC$OFF 000000               ?_uart_setup 0016  
    __end_of_timer0_setup 0152         __size_of_io_setup 0012               __pintcodelo 0018  
       ??_interrupt_setup 0016       __size_of_timer0_isr 00B0       __size_of_uart_setup 001C  
                _PIR1bits 000F9E          __CFG_WDTPS$32768 000000                _ADCON1bits 000FC1  
             _INTCON2bits 000FF1                  __Hrparam 0000                  __Lrparam 0000  
           ?_system_setup 0001          uart_setup@spbaud 0018     __CFG_FOSC$INTOSCIO_EC 000000  
   __size_of_timer0_setup 0010                  _io_setup 0130             __size_of_main 0030  
            ??_timer0_isr 0001            ??_system_setup 0016                  int$flags 001B  
            ??_uart_setup 0018     __CFG_CPUDIV$OSC1_PLL2 000000              _timer0_setup 0142  
              _INTCONbits 000FF2                  intlevel1 0000        __end_of_timer0_isr 00C8  
      __end_of_uart_setup 0118           _interrupt_setup 015C                _OSCCONbits 000FD3  
           uart_setup@val 0016  
